{"/Users/kevendesousasilva/dev/cron-barber-api/src/application/appointment/commands/create-appointment.command.ts": {"path":"/Users/kevendesousasilva/dev/cron-barber-api/src/application/appointment/commands/create-appointment.command.ts","statementMap":{"0":{"start":{"line":1,"column":0},"end":{"line":1,"column":46}},"1":{"start":{"line":2,"column":0},"end":{"line":2,"column":86}},"2":{"start":{"line":3,"column":0},"end":{"line":3,"column":103}},"3":{"start":{"line":6,"column":0},"end":{"line":6,"column":76}},"4":{"start":{"line":25,"column":7},"end":{"line":103,"column":null}},"5":{"start":{"line":28,"column":21},"end":{"line":28,"column":65}},"6":{"start":{"line":31,"column":21},"end":{"line":31,"column":63}},"7":{"start":{"line":34,"column":21},"end":{"line":34,"column":35}},"8":{"start":{"line":41,"column":6},"end":{"line":41,"column":13}},"9":{"start":{"line":44,"column":23},"end":{"line":44,"column":77}},"10":{"start":{"line":45,"column":4},"end":{"line":47,"column":5}},"11":{"start":{"line":46,"column":6},"end":{"line":46,"column":73}},"12":{"start":{"line":50,"column":20},"end":{"line":50,"column":71}},"13":{"start":{"line":50,"column":52},"end":{"line":50,"column":70}},"14":{"start":{"line":51,"column":4},"end":{"line":53,"column":5}},"15":{"start":{"line":52,"column":6},"end":{"line":52,"column":79}},"16":{"start":{"line":55,"column":26},"end":{"line":55,"column":45}},"17":{"start":{"line":56,"column":24},"end":{"line":56,"column":41}},"18":{"start":{"line":59,"column":24},"end":{"line":62,"column":null}},"19":{"start":{"line":65,"column":4},"end":{"line":67,"column":5}},"20":{"start":{"line":66,"column":6},"end":{"line":66,"column":69}},"21":{"start":{"line":70,"column":24},"end":{"line":77,"column":6}},"22":{"start":{"line":81,"column":6},"end":{"line":81,"column":58}},"23":{"start":{"line":84,"column":4},"end":{"line":93,"column":6}},"24":{"start":{"line":96,"column":4},"end":{"line":101,"column":6}},"25":{"start":{"line":25,"column":13},"end":{"line":25,"column":37}},"26":{"start":{"line":25,"column":13},"end":{"line":103,"column":null}}},"fnMap":{"0":{"name":"(anonymous_4)","decl":{"start":{"line":26,"column":2},"end":{"line":26,"column":null}},"loc":{"start":{"line":34,"column":47},"end":{"line":35,"column":6}}},"1":{"name":"(anonymous_5)","decl":{"start":{"line":37,"column":2},"end":{"line":37,"column":7}},"loc":{"start":{"line":38,"column":37},"end":{"line":102,"column":3}}},"2":{"name":"(anonymous_6)","decl":{"start":{"line":50,"column":45},"end":{"line":50,"column":46}},"loc":{"start":{"line":50,"column":52},"end":{"line":50,"column":70}}}},"branchMap":{"0":{"loc":{"start":{"line":45,"column":4},"end":{"line":47,"column":5}},"type":"if","locations":[{"start":{"line":45,"column":4},"end":{"line":47,"column":5}}]},"1":{"loc":{"start":{"line":51,"column":4},"end":{"line":53,"column":5}},"type":"if","locations":[{"start":{"line":51,"column":4},"end":{"line":53,"column":5}}]},"2":{"loc":{"start":{"line":51,"column":8},"end":{"line":51,"column":37}},"type":"binary-expr","locations":[{"start":{"line":51,"column":8},"end":{"line":51,"column":16}},{"start":{"line":51,"column":20},"end":{"line":51,"column":37}}]},"3":{"loc":{"start":{"line":65,"column":4},"end":{"line":67,"column":5}},"type":"if","locations":[{"start":{"line":65,"column":4},"end":{"line":67,"column":5}}]}},"s":{"0":0,"1":0,"2":0,"3":0,"4":0,"5":0,"6":0,"7":0,"8":0,"9":0,"10":0,"11":0,"12":0,"13":0,"14":0,"15":0,"16":0,"17":0,"18":0,"19":0,"20":0,"21":0,"22":0,"23":0,"24":0,"25":0,"26":0},"f":{"0":0,"1":0,"2":0},"b":{"0":[0],"1":[0],"2":[0,0],"3":[0]}}
,"/Users/kevendesousasilva/dev/cron-barber-api/src/application/auth/commands/sign-in.command.ts": {"path":"/Users/kevendesousasilva/dev/cron-barber-api/src/application/auth/commands/sign-in.command.ts","statementMap":{"0":{"start":{"line":1,"column":0},"end":{"line":1,"column":46}},"1":{"start":{"line":18,"column":7},"end":{"line":42,"column":null}},"2":{"start":{"line":21,"column":21},"end":{"line":21,"column":45}},"3":{"start":{"line":25,"column":32},"end":{"line":25,"column":39}},"4":{"start":{"line":28,"column":4},"end":{"line":30,"column":5}},"5":{"start":{"line":29,"column":6},"end":{"line":29,"column":57}},"6":{"start":{"line":32,"column":19},"end":{"line":32,"column":65}},"7":{"start":{"line":34,"column":4},"end":{"line":40,"column":6}},"8":{"start":{"line":18,"column":13},"end":{"line":18,"column":26}},"9":{"start":{"line":18,"column":13},"end":{"line":42,"column":null}}},"fnMap":{"0":{"name":"(anonymous_4)","decl":{"start":{"line":19,"column":2},"end":{"line":19,"column":null}},"loc":{"start":{"line":21,"column":45},"end":{"line":22,"column":6}}},"1":{"name":"(anonymous_5)","decl":{"start":{"line":24,"column":2},"end":{"line":24,"column":7}},"loc":{"start":{"line":24,"column":38},"end":{"line":41,"column":3}}}},"branchMap":{"0":{"loc":{"start":{"line":28,"column":4},"end":{"line":30,"column":5}},"type":"if","locations":[{"start":{"line":28,"column":4},"end":{"line":30,"column":5}}]},"1":{"loc":{"start":{"line":28,"column":8},"end":{"line":28,"column":27}},"type":"binary-expr","locations":[{"start":{"line":28,"column":8},"end":{"line":28,"column":14}},{"start":{"line":28,"column":18},"end":{"line":28,"column":27}}]},"2":{"loc":{"start":{"line":37,"column":17},"end":{"line":37,"column":59}},"type":"binary-expr","locations":[{"start":{"line":37,"column":17},"end":{"line":37,"column":53}},{"start":{"line":37,"column":57},"end":{"line":37,"column":59}}]},"3":{"loc":{"start":{"line":38,"column":16},"end":{"line":38,"column":57}},"type":"binary-expr","locations":[{"start":{"line":38,"column":16},"end":{"line":38,"column":51}},{"start":{"line":38,"column":55},"end":{"line":38,"column":57}}]}},"s":{"0":0,"1":0,"2":0,"3":0,"4":0,"5":0,"6":0,"7":0,"8":0,"9":0},"f":{"0":0,"1":0},"b":{"0":[0],"1":[0,0],"2":[0,0],"3":[0,0]}}
,"/Users/kevendesousasilva/dev/cron-barber-api/src/application/auth/commands/sign-up.command.ts": {"path":"/Users/kevendesousasilva/dev/cron-barber-api/src/application/auth/commands/sign-up.command.ts","statementMap":{"0":{"start":{"line":1,"column":0},"end":{"line":1,"column":46}},"1":{"start":{"line":20,"column":7},"end":{"line":53,"column":null}},"2":{"start":{"line":23,"column":21},"end":{"line":23,"column":45}},"3":{"start":{"line":27,"column":53},"end":{"line":27,"column":60}},"4":{"start":{"line":30,"column":4},"end":{"line":32,"column":5}},"5":{"start":{"line":31,"column":6},"end":{"line":31,"column":49}},"6":{"start":{"line":34,"column":4},"end":{"line":36,"column":5}},"7":{"start":{"line":35,"column":6},"end":{"line":35,"column":69}},"8":{"start":{"line":38,"column":19},"end":{"line":42,"column":null}},"9":{"start":{"line":45,"column":4},"end":{"line":51,"column":6}},"10":{"start":{"line":20,"column":13},"end":{"line":20,"column":26}},"11":{"start":{"line":20,"column":13},"end":{"line":53,"column":null}}},"fnMap":{"0":{"name":"(anonymous_4)","decl":{"start":{"line":21,"column":2},"end":{"line":21,"column":null}},"loc":{"start":{"line":23,"column":45},"end":{"line":24,"column":6}}},"1":{"name":"(anonymous_5)","decl":{"start":{"line":26,"column":2},"end":{"line":26,"column":7}},"loc":{"start":{"line":26,"column":38},"end":{"line":52,"column":3}}}},"branchMap":{"0":{"loc":{"start":{"line":30,"column":4},"end":{"line":32,"column":5}},"type":"if","locations":[{"start":{"line":30,"column":4},"end":{"line":32,"column":5}}]},"1":{"loc":{"start":{"line":30,"column":8},"end":{"line":30,"column":54}},"type":"binary-expr","locations":[{"start":{"line":30,"column":8},"end":{"line":30,"column":14}},{"start":{"line":30,"column":18},"end":{"line":30,"column":27}},{"start":{"line":30,"column":31},"end":{"line":30,"column":41}},{"start":{"line":30,"column":45},"end":{"line":30,"column":54}}]},"2":{"loc":{"start":{"line":34,"column":4},"end":{"line":36,"column":5}},"type":"if","locations":[{"start":{"line":34,"column":4},"end":{"line":36,"column":5}}]},"3":{"loc":{"start":{"line":48,"column":17},"end":{"line":48,"column":59}},"type":"binary-expr","locations":[{"start":{"line":48,"column":17},"end":{"line":48,"column":53}},{"start":{"line":48,"column":57},"end":{"line":48,"column":59}}]},"4":{"loc":{"start":{"line":49,"column":16},"end":{"line":49,"column":57}},"type":"binary-expr","locations":[{"start":{"line":49,"column":16},"end":{"line":49,"column":51}},{"start":{"line":49,"column":55},"end":{"line":49,"column":57}}]}},"s":{"0":0,"1":0,"2":0,"3":0,"4":0,"5":0,"6":0,"7":0,"8":0,"9":0,"10":0,"11":0},"f":{"0":0,"1":0},"b":{"0":[0],"1":[0,0,0,0],"2":[0],"3":[0,0],"4":[0,0]}}
,"/Users/kevendesousasilva/dev/cron-barber-api/src/application/notification/event-handlers/appointment-created.handler.ts": {"path":"/Users/kevendesousasilva/dev/cron-barber-api/src/application/notification/event-handlers/appointment-created.handler.ts","statementMap":{"0":{"start":{"line":1,"column":0},"end":{"line":1,"column":46}},"1":{"start":{"line":5,"column":0},"end":{"line":5,"column":null}},"2":{"start":{"line":12,"column":7},"end":{"line":132,"column":null}},"3":{"start":{"line":17,"column":21},"end":{"line":17,"column":61}},"4":{"start":{"line":20,"column":21},"end":{"line":20,"column":65}},"5":{"start":{"line":23,"column":21},"end":{"line":23,"column":63}},"6":{"start":{"line":27,"column":4},"end":{"line":113,"column":5}},"7":{"start":{"line":29,"column":26},"end":{"line":30,"column":null}},"8":{"start":{"line":32,"column":6},"end":{"line":36,"column":7}},"9":{"start":{"line":33,"column":8},"end":{"line":35,"column":10}},"10":{"start":{"line":39,"column":25},"end":{"line":40,"column":null}},"11":{"start":{"line":42,"column":6},"end":{"line":46,"column":7}},"12":{"start":{"line":43,"column":8},"end":{"line":45,"column":10}},"13":{"start":{"line":49,"column":22},"end":{"line":49,"column":79}},"14":{"start":{"line":49,"column":54},"end":{"line":49,"column":78}},"15":{"start":{"line":50,"column":6},"end":{"line":52,"column":7}},"16":{"start":{"line":51,"column":8},"end":{"line":51,"column":76}},"17":{"start":{"line":56,"column":23},"end":{"line":60,"column":8}},"18":{"start":{"line":63,"column":28},"end":{"line":65,"column":null}},"19":{"start":{"line":67,"column":28},"end":{"line":69,"column":null}},"20":{"start":{"line":71,"column":24},"end":{"line":71,"column":76}},"21":{"start":{"line":74,"column":6},"end":{"line":88,"column":8}},"22":{"start":{"line":92,"column":21},"end":{"line":95,"column":8}},"23":{"start":{"line":97,"column":6},"end":{"line":110,"column":8}},"24":{"start":{"line":112,"column":6},"end":{"line":112,"column":77}},"25":{"start":{"line":117,"column":4},"end":{"line":122,"column":20}},"26":{"start":{"line":126,"column":4},"end":{"line":130,"column":20}},"27":{"start":{"line":12,"column":13},"end":{"line":12,"column":38}},"28":{"start":{"line":12,"column":13},"end":{"line":132,"column":null}}},"fnMap":{"0":{"name":"(anonymous_4)","decl":{"start":{"line":15,"column":2},"end":{"line":15,"column":null}},"loc":{"start":{"line":23,"column":63},"end":{"line":24,"column":6}}},"1":{"name":"(anonymous_5)","decl":{"start":{"line":26,"column":2},"end":{"line":26,"column":7}},"loc":{"start":{"line":26,"column":45},"end":{"line":114,"column":3}}},"2":{"name":"(anonymous_6)","decl":{"start":{"line":49,"column":47},"end":{"line":49,"column":48}},"loc":{"start":{"line":49,"column":54},"end":{"line":49,"column":78}}},"3":{"name":"(anonymous_7)","decl":{"start":{"line":116,"column":10},"end":{"line":116,"column":20}},"loc":{"start":{"line":116,"column":49},"end":{"line":123,"column":3}}},"4":{"name":"(anonymous_8)","decl":{"start":{"line":125,"column":10},"end":{"line":125,"column":20}},"loc":{"start":{"line":125,"column":49},"end":{"line":131,"column":3}}}},"branchMap":{"0":{"loc":{"start":{"line":32,"column":6},"end":{"line":36,"column":7}},"type":"if","locations":[{"start":{"line":32,"column":6},"end":{"line":36,"column":7}}]},"1":{"loc":{"start":{"line":42,"column":6},"end":{"line":46,"column":7}},"type":"if","locations":[{"start":{"line":42,"column":6},"end":{"line":46,"column":7}}]},"2":{"loc":{"start":{"line":50,"column":6},"end":{"line":52,"column":7}},"type":"if","locations":[{"start":{"line":50,"column":6},"end":{"line":52,"column":7}}]}},"s":{"0":0,"1":0,"2":0,"3":0,"4":0,"5":0,"6":0,"7":0,"8":0,"9":0,"10":0,"11":0,"12":0,"13":0,"14":0,"15":0,"16":0,"17":0,"18":0,"19":0,"20":0,"21":0,"22":0,"23":0,"24":0,"25":0,"26":0,"27":0,"28":0},"f":{"0":0,"1":0,"2":0,"3":0,"4":0},"b":{"0":[0],"1":[0],"2":[0]}}
,"/Users/kevendesousasilva/dev/cron-barber-api/src/application/schedule/queries/get-available-slots.query.ts": {"path":"/Users/kevendesousasilva/dev/cron-barber-api/src/application/schedule/queries/get-available-slots.query.ts","statementMap":{"0":{"start":{"line":1,"column":0},"end":{"line":1,"column":46}},"1":{"start":{"line":6,"column":0},"end":{"line":6,"column":77}},"2":{"start":{"line":23,"column":7},"end":{"line":169,"column":null}},"3":{"start":{"line":26,"column":21},"end":{"line":26,"column":63}},"4":{"start":{"line":29,"column":21},"end":{"line":29,"column":65}},"5":{"start":{"line":35,"column":38},"end":{"line":35,"column":43}},"6":{"start":{"line":38,"column":23},"end":{"line":38,"column":71}},"7":{"start":{"line":39,"column":4},"end":{"line":41,"column":5}},"8":{"start":{"line":40,"column":6},"end":{"line":40,"column":67}},"9":{"start":{"line":44,"column":20},"end":{"line":44,"column":71}},"10":{"start":{"line":44,"column":52},"end":{"line":44,"column":70}},"11":{"start":{"line":45,"column":4},"end":{"line":47,"column":5}},"12":{"start":{"line":46,"column":6},"end":{"line":46,"column":59}},"13":{"start":{"line":50,"column":24},"end":{"line":50,"column":38}},"14":{"start":{"line":51,"column":22},"end":{"line":51,"column":45}},"15":{"start":{"line":54,"column":25},"end":{"line":55,"column":null}},"16":{"start":{"line":55,"column":16},"end":{"line":55,"column":61}},"17":{"start":{"line":58,"column":4},"end":{"line":60,"column":5}},"18":{"start":{"line":59,"column":6},"end":{"line":59,"column":27}},"19":{"start":{"line":63,"column":27},"end":{"line":67,"column":null}},"20":{"start":{"line":72,"column":6},"end":{"line":75,"column":null}},"21":{"start":{"line":79,"column":35},"end":{"line":82,"column":null}},"22":{"start":{"line":86,"column":4},"end":{"line":92,"column":6}},"23":{"start":{"line":87,"column":51},"end":{"line":91,"column":8}},"24":{"start":{"line":101,"column":30},"end":{"line":101,"column":32}},"25":{"start":{"line":102,"column":37},"end":{"line":104,"column":18}},"26":{"start":{"line":105,"column":33},"end":{"line":105,"column":76}},"27":{"start":{"line":107,"column":17},"end":{"line":107,"column":38}},"28":{"start":{"line":108,"column":18},"end":{"line":108,"column":36}},"29":{"start":{"line":109,"column":16},"end":{"line":109,"column":33}},"30":{"start":{"line":111,"column":22},"end":{"line":112,"column":null}},"31":{"start":{"line":114,"column":20},"end":{"line":114,"column":76}},"32":{"start":{"line":117,"column":4},"end":{"line":130,"column":5}},"33":{"start":{"line":118,"column":26},"end":{"line":119,"column":null}},"34":{"start":{"line":122,"column":6},"end":{"line":124,"column":7}},"35":{"start":{"line":123,"column":8},"end":{"line":123,"column":14}},"36":{"start":{"line":126,"column":6},"end":{"line":126,"column":67}},"37":{"start":{"line":129,"column":6},"end":{"line":129,"column":65}},"38":{"start":{"line":132,"column":4},"end":{"line":132,"column":17}},"39":{"start":{"line":141,"column":4},"end":{"line":148,"column":7}},"40":{"start":{"line":143,"column":26},"end":{"line":145,"column":8}},"41":{"start":{"line":144,"column":8},"end":{"line":144,"column":51}},"42":{"start":{"line":147,"column":6},"end":{"line":147,"column":26}},"43":{"start":{"line":152,"column":17},"end":{"line":152,"column":38}},"44":{"start":{"line":153,"column":18},"end":{"line":153,"column":36}},"45":{"start":{"line":154,"column":16},"end":{"line":154,"column":33}},"46":{"start":{"line":155,"column":4},"end":{"line":155,"column":57}},"47":{"start":{"line":159,"column":17},"end":{"line":159,"column":38}},"48":{"start":{"line":160,"column":18},"end":{"line":160,"column":36}},"49":{"start":{"line":161,"column":16},"end":{"line":161,"column":33}},"50":{"start":{"line":162,"column":4},"end":{"line":162,"column":65}},"51":{"start":{"line":166,"column":26},"end":{"line":166,"column":47}},"52":{"start":{"line":167,"column":4},"end":{"line":167,"column":59}},"53":{"start":{"line":23,"column":13},"end":{"line":23,"column":37}},"54":{"start":{"line":23,"column":13},"end":{"line":169,"column":null}}},"fnMap":{"0":{"name":"(anonymous_4)","decl":{"start":{"line":24,"column":2},"end":{"line":24,"column":null}},"loc":{"start":{"line":29,"column":65},"end":{"line":30,"column":6}}},"1":{"name":"(anonymous_5)","decl":{"start":{"line":32,"column":2},"end":{"line":32,"column":7}},"loc":{"start":{"line":33,"column":33},"end":{"line":93,"column":3}}},"2":{"name":"(anonymous_6)","decl":{"start":{"line":44,"column":45},"end":{"line":44,"column":46}},"loc":{"start":{"line":44,"column":52},"end":{"line":44,"column":70}}},"3":{"name":"(anonymous_7)","decl":{"start":{"line":55,"column":6},"end":{"line":55,"column":7}},"loc":{"start":{"line":55,"column":16},"end":{"line":55,"column":61}}},"4":{"name":"(anonymous_8)","decl":{"start":{"line":87,"column":40},"end":{"line":87,"column":41}},"loc":{"start":{"line":87,"column":51},"end":{"line":91,"column":8}}},"5":{"name":"(anonymous_9)","decl":{"start":{"line":95,"column":10},"end":{"line":95,"column":27}},"loc":{"start":{"line":99,"column":20},"end":{"line":133,"column":3}}},"6":{"name":"(anonymous_10)","decl":{"start":{"line":135,"column":10},"end":{"line":135,"column":32}},"loc":{"start":{"line":138,"column":27},"end":{"line":149,"column":3}}},"7":{"name":"(anonymous_11)","decl":{"start":{"line":141,"column":24},"end":{"line":141,"column":25}},"loc":{"start":{"line":141,"column":33},"end":{"line":148,"column":5}}},"8":{"name":"(anonymous_12)","decl":{"start":{"line":143,"column":44},"end":{"line":143,"column":45}},"loc":{"start":{"line":143,"column":60},"end":{"line":145,"column":7}}},"9":{"name":"(anonymous_13)","decl":{"start":{"line":151,"column":10},"end":{"line":151,"column":23}},"loc":{"start":{"line":151,"column":34},"end":{"line":156,"column":3}}},"10":{"name":"(anonymous_14)","decl":{"start":{"line":158,"column":10},"end":{"line":158,"column":21}},"loc":{"start":{"line":158,"column":32},"end":{"line":163,"column":3}}},"11":{"name":"(anonymous_15)","decl":{"start":{"line":165,"column":10},"end":{"line":165,"column":25}},"loc":{"start":{"line":165,"column":58},"end":{"line":168,"column":3}}}},"branchMap":{"0":{"loc":{"start":{"line":39,"column":4},"end":{"line":41,"column":5}},"type":"if","locations":[{"start":{"line":39,"column":4},"end":{"line":41,"column":5}}]},"1":{"loc":{"start":{"line":45,"column":4},"end":{"line":47,"column":5}},"type":"if","locations":[{"start":{"line":45,"column":4},"end":{"line":47,"column":5}}]},"2":{"loc":{"start":{"line":45,"column":8},"end":{"line":45,"column":37}},"type":"binary-expr","locations":[{"start":{"line":45,"column":8},"end":{"line":45,"column":16}},{"start":{"line":45,"column":20},"end":{"line":45,"column":37}}]},"3":{"loc":{"start":{"line":55,"column":16},"end":{"line":55,"column":61}},"type":"binary-expr","locations":[{"start":{"line":55,"column":16},"end":{"line":55,"column":44}},{"start":{"line":55,"column":48},"end":{"line":55,"column":61}}]},"4":{"loc":{"start":{"line":58,"column":4},"end":{"line":60,"column":5}},"type":"if","locations":[{"start":{"line":58,"column":4},"end":{"line":60,"column":5}}]},"5":{"loc":{"start":{"line":122,"column":6},"end":{"line":124,"column":7}},"type":"if","locations":[{"start":{"line":122,"column":6},"end":{"line":124,"column":7}}]}},"s":{"0":0,"1":0,"2":0,"3":0,"4":0,"5":0,"6":0,"7":0,"8":0,"9":0,"10":0,"11":0,"12":0,"13":0,"14":0,"15":0,"16":0,"17":0,"18":0,"19":0,"20":0,"21":0,"22":0,"23":0,"24":0,"25":0,"26":0,"27":0,"28":0,"29":0,"30":0,"31":0,"32":0,"33":0,"34":0,"35":0,"36":0,"37":0,"38":0,"39":0,"40":0,"41":0,"42":0,"43":0,"44":0,"45":0,"46":0,"47":0,"48":0,"49":0,"50":0,"51":0,"52":0,"53":0,"54":0},"f":{"0":0,"1":0,"2":0,"3":0,"4":0,"5":0,"6":0,"7":0,"8":0,"9":0,"10":0,"11":0},"b":{"0":[0],"1":[0],"2":[0,0],"3":[0,0],"4":[0],"5":[0]}}
,"/Users/kevendesousasilva/dev/cron-barber-api/src/common/helper.ts": {"path":"/Users/kevendesousasilva/dev/cron-barber-api/src/common/helper.ts","statementMap":{"0":{"start":{"line":2,"column":2},"end":{"line":2,"column":16}},"1":{"start":{"line":1,"column":0},"end":{"line":1,"column":16}},"2":{"start":{"line":6,"column":2},"end":{"line":6,"column":47}},"3":{"start":{"line":5,"column":0},"end":{"line":5,"column":16}},"4":{"start":{"line":10,"column":2},"end":{"line":10,"column":28}},"5":{"start":{"line":9,"column":0},"end":{"line":9,"column":16}}},"fnMap":{"0":{"name":"not","decl":{"start":{"line":1,"column":16},"end":{"line":1,"column":19}},"loc":{"start":{"line":1,"column":30},"end":{"line":3,"column":1}}},"1":{"name":"isNull","decl":{"start":{"line":5,"column":16},"end":{"line":5,"column":22}},"loc":{"start":{"line":5,"column":33},"end":{"line":7,"column":1}}},"2":{"name":"isNotNull","decl":{"start":{"line":9,"column":16},"end":{"line":9,"column":25}},"loc":{"start":{"line":9,"column":36},"end":{"line":11,"column":1}}}},"branchMap":{"0":{"loc":{"start":{"line":6,"column":9},"end":{"line":6,"column":46}},"type":"binary-expr","locations":[{"start":{"line":6,"column":9},"end":{"line":6,"column":23}},{"start":{"line":6,"column":27},"end":{"line":6,"column":46}}]}},"s":{"0":0,"1":0,"2":0,"3":0,"4":0,"5":0},"f":{"0":0,"1":0,"2":0},"b":{"0":[0,0]}}
,"/Users/kevendesousasilva/dev/cron-barber-api/src/domain/appointment/entities/appointment.entity.ts": {"path":"/Users/kevendesousasilva/dev/cron-barber-api/src/domain/appointment/entities/appointment.entity.ts","statementMap":{"0":{"start":{"line":1,"column":0},"end":{"line":1,"column":67}},"1":{"start":{"line":3,"column":0},"end":{"line":3,"column":null}},"2":{"start":{"line":4,"column":2},"end":{"line":4,"column":null}},"3":{"start":{"line":5,"column":2},"end":{"line":5,"column":null}},"4":{"start":{"line":6,"column":2},"end":{"line":6,"column":null}},"5":{"start":{"line":7,"column":2},"end":{"line":7,"column":null}},"6":{"start":{"line":37,"column":4},"end":{"line":37,"column":25}},"7":{"start":{"line":38,"column":4},"end":{"line":38,"column":24}},"8":{"start":{"line":39,"column":4},"end":{"line":39,"column":66}},"9":{"start":{"line":40,"column":4},"end":{"line":40,"column":63}},"10":{"start":{"line":41,"column":4},"end":{"line":41,"column":56}},"11":{"start":{"line":42,"column":4},"end":{"line":42,"column":30}},"12":{"start":{"line":43,"column":4},"end":{"line":43,"column":44}},"13":{"start":{"line":44,"column":4},"end":{"line":44,"column":38}},"14":{"start":{"line":45,"column":4},"end":{"line":45,"column":40}},"15":{"start":{"line":46,"column":4},"end":{"line":46,"column":72}},"16":{"start":{"line":47,"column":4},"end":{"line":47,"column":52}},"17":{"start":{"line":48,"column":4},"end":{"line":48,"column":52}},"18":{"start":{"line":58,"column":4},"end":{"line":60,"column":5}},"19":{"start":{"line":59,"column":6},"end":{"line":59,"column":50}},"20":{"start":{"line":62,"column":4},"end":{"line":64,"column":5}},"21":{"start":{"line":63,"column":6},"end":{"line":63,"column":48}},"22":{"start":{"line":66,"column":4},"end":{"line":68,"column":5}},"23":{"start":{"line":67,"column":6},"end":{"line":67,"column":48}},"24":{"start":{"line":73,"column":4},"end":{"line":76,"column":6}},"25":{"start":{"line":80,"column":4},"end":{"line":80,"column":20}},"26":{"start":{"line":84,"column":4},"end":{"line":84,"column":36}},"27":{"start":{"line":88,"column":4},"end":{"line":88,"column":34}},"28":{"start":{"line":92,"column":4},"end":{"line":92,"column":26}},"29":{"start":{"line":96,"column":4},"end":{"line":96,"column":24}},"30":{"start":{"line":100,"column":4},"end":{"line":100,"column":36}},"31":{"start":{"line":104,"column":4},"end":{"line":104,"column":23}},"32":{"start":{"line":108,"column":4},"end":{"line":108,"column":24}},"33":{"start":{"line":109,"column":4},"end":{"line":109,"column":33}},"34":{"start":{"line":113,"column":4},"end":{"line":113,"column":30}},"35":{"start":{"line":117,"column":4},"end":{"line":117,"column":27}},"36":{"start":{"line":121,"column":4},"end":{"line":121,"column":28}},"37":{"start":{"line":125,"column":4},"end":{"line":125,"column":29}},"38":{"start":{"line":129,"column":4},"end":{"line":129,"column":37}},"39":{"start":{"line":133,"column":4},"end":{"line":133,"column":37}},"40":{"start":{"line":137,"column":4},"end":{"line":137,"column":42}},"41":{"start":{"line":141,"column":4},"end":{"line":143,"column":5}},"42":{"start":{"line":142,"column":6},"end":{"line":142,"column":55}},"43":{"start":{"line":145,"column":4},"end":{"line":147,"column":5}},"44":{"start":{"line":146,"column":6},"end":{"line":146,"column":77}},"45":{"start":{"line":149,"column":4},"end":{"line":149,"column":46}},"46":{"start":{"line":150,"column":4},"end":{"line":150,"column":38}},"47":{"start":{"line":151,"column":4},"end":{"line":151,"column":33}},"48":{"start":{"line":155,"column":4},"end":{"line":157,"column":5}},"49":{"start":{"line":156,"column":6},"end":{"line":156,"column":75}},"50":{"start":{"line":159,"column":4},"end":{"line":161,"column":5}},"51":{"start":{"line":160,"column":6},"end":{"line":160,"column":55}},"52":{"start":{"line":163,"column":4},"end":{"line":163,"column":47}},"53":{"start":{"line":164,"column":4},"end":{"line":164,"column":33}},"54":{"start":{"line":168,"column":4},"end":{"line":172,"column":5}},"55":{"start":{"line":169,"column":6},"end":{"line":171,"column":8}},"56":{"start":{"line":174,"column":4},"end":{"line":178,"column":5}},"57":{"start":{"line":175,"column":6},"end":{"line":177,"column":8}},"58":{"start":{"line":180,"column":4},"end":{"line":180,"column":45}},"59":{"start":{"line":181,"column":4},"end":{"line":181,"column":33}},"60":{"start":{"line":185,"column":4},"end":{"line":185,"column":56}},"61":{"start":{"line":189,"column":4},"end":{"line":191,"column":5}},"62":{"start":{"line":190,"column":6},"end":{"line":190,"column":19}},"63":{"start":{"line":193,"column":4},"end":{"line":193,"column":52}},"64":{"start":{"line":197,"column":4},"end":{"line":211,"column":6}},"65":{"start":{"line":10,"column":0},"end":{"line":10,"column":13}}},"fnMap":{"0":{"name":"(anonymous_0)","decl":{"start":{"line":3,"column":0},"end":{"line":3,"column":12}},"loc":{"start":{"line":3,"column":29},"end":{"line":8,"column":1}}},"1":{"name":"(anonymous_1)","decl":{"start":{"line":23,"column":2},"end":{"line":23,"column":14}},"loc":{"start":{"line":36,"column":3},"end":{"line":49,"column":3}}},"2":{"name":"(anonymous_2)","decl":{"start":{"line":51,"column":10},"end":{"line":51,"column":18}},"loc":{"start":{"line":57,"column":3},"end":{"line":69,"column":3}}},"3":{"name":"(anonymous_3)","decl":{"start":{"line":71,"column":10},"end":{"line":71,"column":29}},"loc":{"start":{"line":71,"column":29},"end":{"line":77,"column":3}}},"4":{"name":"(anonymous_4)","decl":{"start":{"line":79,"column":2},"end":{"line":79,"column":6}},"loc":{"start":{"line":79,"column":8},"end":{"line":81,"column":3}}},"5":{"name":"(anonymous_5)","decl":{"start":{"line":83,"column":2},"end":{"line":83,"column":6}},"loc":{"start":{"line":83,"column":15},"end":{"line":85,"column":3}}},"6":{"name":"(anonymous_6)","decl":{"start":{"line":87,"column":2},"end":{"line":87,"column":6}},"loc":{"start":{"line":87,"column":13},"end":{"line":89,"column":3}}},"7":{"name":"(anonymous_7)","decl":{"start":{"line":91,"column":2},"end":{"line":91,"column":6}},"loc":{"start":{"line":91,"column":14},"end":{"line":93,"column":3}}},"8":{"name":"(anonymous_8)","decl":{"start":{"line":95,"column":2},"end":{"line":95,"column":6}},"loc":{"start":{"line":95,"column":12},"end":{"line":97,"column":3}}},"9":{"name":"(anonymous_9)","decl":{"start":{"line":99,"column":2},"end":{"line":99,"column":6}},"loc":{"start":{"line":99,"column":24},"end":{"line":101,"column":3}}},"10":{"name":"(anonymous_10)","decl":{"start":{"line":103,"column":2},"end":{"line":103,"column":6}},"loc":{"start":{"line":103,"column":11},"end":{"line":105,"column":3}}},"11":{"name":"(anonymous_11)","decl":{"start":{"line":107,"column":2},"end":{"line":107,"column":6}},"loc":{"start":{"line":107,"column":37},"end":{"line":110,"column":3}}},"12":{"name":"(anonymous_12)","decl":{"start":{"line":112,"column":2},"end":{"line":112,"column":6}},"loc":{"start":{"line":112,"column":18},"end":{"line":114,"column":3}}},"13":{"name":"(anonymous_13)","decl":{"start":{"line":116,"column":2},"end":{"line":116,"column":6}},"loc":{"start":{"line":116,"column":15},"end":{"line":118,"column":3}}},"14":{"name":"(anonymous_14)","decl":{"start":{"line":120,"column":2},"end":{"line":120,"column":6}},"loc":{"start":{"line":120,"column":16},"end":{"line":122,"column":3}}},"15":{"name":"(anonymous_15)","decl":{"start":{"line":124,"column":2},"end":{"line":124,"column":6}},"loc":{"start":{"line":124,"column":17},"end":{"line":126,"column":3}}},"16":{"name":"(anonymous_16)","decl":{"start":{"line":128,"column":2},"end":{"line":128,"column":6}},"loc":{"start":{"line":128,"column":15},"end":{"line":130,"column":3}}},"17":{"name":"(anonymous_17)","decl":{"start":{"line":132,"column":2},"end":{"line":132,"column":6}},"loc":{"start":{"line":132,"column":15},"end":{"line":134,"column":3}}},"18":{"name":"(anonymous_18)","decl":{"start":{"line":136,"column":2},"end":{"line":136,"column":6}},"loc":{"start":{"line":136,"column":21},"end":{"line":138,"column":3}}},"19":{"name":"(anonymous_19)","decl":{"start":{"line":140,"column":2},"end":{"line":140,"column":8}},"loc":{"start":{"line":140,"column":24},"end":{"line":152,"column":3}}},"20":{"name":"(anonymous_20)","decl":{"start":{"line":154,"column":2},"end":{"line":154,"column":10}},"loc":{"start":{"line":154,"column":10},"end":{"line":165,"column":3}}},"21":{"name":"(anonymous_21)","decl":{"start":{"line":167,"column":2},"end":{"line":167,"column":14}},"loc":{"start":{"line":167,"column":14},"end":{"line":182,"column":3}}},"22":{"name":"(anonymous_22)","decl":{"start":{"line":184,"column":2},"end":{"line":184,"column":10}},"loc":{"start":{"line":184,"column":10},"end":{"line":186,"column":3}}},"23":{"name":"(anonymous_23)","decl":{"start":{"line":188,"column":2},"end":{"line":188,"column":10}},"loc":{"start":{"line":188,"column":29},"end":{"line":194,"column":3}}},"24":{"name":"(anonymous_24)","decl":{"start":{"line":196,"column":2},"end":{"line":196,"column":8}},"loc":{"start":{"line":196,"column":8},"end":{"line":212,"column":3}}}},"branchMap":{"0":{"loc":{"start":{"line":3,"column":12},"end":{"line":3,"column":null}},"type":"binary-expr","locations":[{"start":{"line":3,"column":12},"end":{"line":3,"column":29}},{"start":{"line":3,"column":29},"end":{"line":3,"column":null}}]},"1":{"loc":{"start":{"line":40,"column":19},"end":{"line":40,"column":62}},"type":"binary-expr","locations":[{"start":{"line":40,"column":19},"end":{"line":40,"column":31}},{"start":{"line":40,"column":35},"end":{"line":40,"column":62}}]},"2":{"loc":{"start":{"line":46,"column":24},"end":{"line":46,"column":71}},"type":"binary-expr","locations":[{"start":{"line":46,"column":24},"end":{"line":46,"column":41}},{"start":{"line":46,"column":45},"end":{"line":46,"column":71}}]},"3":{"loc":{"start":{"line":47,"column":22},"end":{"line":47,"column":51}},"type":"binary-expr","locations":[{"start":{"line":47,"column":22},"end":{"line":47,"column":37}},{"start":{"line":47,"column":41},"end":{"line":47,"column":51}}]},"4":{"loc":{"start":{"line":48,"column":22},"end":{"line":48,"column":51}},"type":"binary-expr","locations":[{"start":{"line":48,"column":22},"end":{"line":48,"column":37}},{"start":{"line":48,"column":41},"end":{"line":48,"column":51}}]},"5":{"loc":{"start":{"line":58,"column":4},"end":{"line":60,"column":5}},"type":"if","locations":[{"start":{"line":58,"column":4},"end":{"line":60,"column":5}}]},"6":{"loc":{"start":{"line":62,"column":4},"end":{"line":64,"column":5}},"type":"if","locations":[{"start":{"line":62,"column":4},"end":{"line":64,"column":5}}]},"7":{"loc":{"start":{"line":66,"column":4},"end":{"line":68,"column":5}},"type":"if","locations":[{"start":{"line":66,"column":4},"end":{"line":68,"column":5}}]},"8":{"loc":{"start":{"line":141,"column":4},"end":{"line":143,"column":5}},"type":"if","locations":[{"start":{"line":141,"column":4},"end":{"line":143,"column":5}}]},"9":{"loc":{"start":{"line":145,"column":4},"end":{"line":147,"column":5}},"type":"if","locations":[{"start":{"line":145,"column":4},"end":{"line":147,"column":5}}]},"10":{"loc":{"start":{"line":155,"column":4},"end":{"line":157,"column":5}},"type":"if","locations":[{"start":{"line":155,"column":4},"end":{"line":157,"column":5}}]},"11":{"loc":{"start":{"line":159,"column":4},"end":{"line":161,"column":5}},"type":"if","locations":[{"start":{"line":159,"column":4},"end":{"line":161,"column":5}}]},"12":{"loc":{"start":{"line":168,"column":4},"end":{"line":172,"column":5}},"type":"if","locations":[{"start":{"line":168,"column":4},"end":{"line":172,"column":5}}]},"13":{"loc":{"start":{"line":174,"column":4},"end":{"line":178,"column":5}},"type":"if","locations":[{"start":{"line":174,"column":4},"end":{"line":178,"column":5}}]},"14":{"loc":{"start":{"line":189,"column":4},"end":{"line":191,"column":5}},"type":"if","locations":[{"start":{"line":189,"column":4},"end":{"line":191,"column":5}}]}},"s":{"0":1,"1":1,"2":1,"3":1,"4":1,"5":1,"6":28,"7":25,"8":25,"9":25,"10":25,"11":25,"12":25,"13":25,"14":25,"15":25,"16":25,"17":25,"18":28,"19":1,"20":27,"21":1,"22":26,"23":1,"24":24,"25":2,"26":1,"27":1,"28":3,"29":6,"30":4,"31":3,"32":1,"33":1,"34":1,"35":1,"36":1,"37":2,"38":2,"39":6,"40":2,"41":4,"42":1,"43":3,"44":1,"45":2,"46":2,"47":2,"48":3,"49":1,"50":2,"51":1,"52":1,"53":1,"54":3,"55":1,"56":2,"57":1,"58":1,"59":1,"60":4,"61":3,"62":1,"63":2,"64":1,"65":1},"f":{"0":1,"1":28,"2":28,"3":24,"4":2,"5":1,"6":1,"7":3,"8":6,"9":4,"10":3,"11":1,"12":1,"13":1,"14":1,"15":2,"16":2,"17":6,"18":2,"19":4,"20":3,"21":3,"22":4,"23":3,"24":1},"b":{"0":[1,1],"1":[25,15],"2":[25,24],"3":[25,24],"4":[25,24],"5":[1],"6":[1],"7":[1],"8":[1],"9":[1],"10":[1],"11":[1],"12":[1],"13":[1],"14":[1]}}
,"/Users/kevendesousasilva/dev/cron-barber-api/src/domain/appointment/events/appointment-canceled.event.ts": {"path":"/Users/kevendesousasilva/dev/cron-barber-api/src/domain/appointment/events/appointment-canceled.event.ts","statementMap":{"0":{"start":{"line":3,"column":20},"end":{"line":3,"column":41}},"1":{"start":{"line":4,"column":20},"end":{"line":4,"column":40}},"2":{"start":{"line":5,"column":20},"end":{"line":5,"column":38}},"3":{"start":{"line":6,"column":20},"end":{"line":6,"column":35}},"4":{"start":{"line":7,"column":20},"end":{"line":7,"column":37}},"5":{"start":{"line":8,"column":20},"end":{"line":8,"column":47}},"6":{"start":{"line":1,"column":0},"end":{"line":1,"column":13}}},"fnMap":{"0":{"name":"(anonymous_0)","decl":{"start":{"line":2,"column":2},"end":{"line":2,"column":null}},"loc":{"start":{"line":8,"column":47},"end":{"line":9,"column":6}}}},"branchMap":{},"s":{"0":0,"1":0,"2":0,"3":0,"4":0,"5":0,"6":0},"f":{"0":0},"b":{}}
,"/Users/kevendesousasilva/dev/cron-barber-api/src/domain/appointment/events/appointment-created.event.ts": {"path":"/Users/kevendesousasilva/dev/cron-barber-api/src/domain/appointment/events/appointment-created.event.ts","statementMap":{"0":{"start":{"line":3,"column":20},"end":{"line":3,"column":41}},"1":{"start":{"line":4,"column":20},"end":{"line":4,"column":40}},"2":{"start":{"line":5,"column":20},"end":{"line":5,"column":38}},"3":{"start":{"line":6,"column":20},"end":{"line":6,"column":35}},"4":{"start":{"line":7,"column":20},"end":{"line":7,"column":37}},"5":{"start":{"line":8,"column":20},"end":{"line":8,"column":39}},"6":{"start":{"line":1,"column":0},"end":{"line":1,"column":13}}},"fnMap":{"0":{"name":"(anonymous_0)","decl":{"start":{"line":2,"column":2},"end":{"line":2,"column":null}},"loc":{"start":{"line":8,"column":39},"end":{"line":9,"column":6}}}},"branchMap":{},"s":{"0":0,"1":0,"2":0,"3":0,"4":0,"5":0,"6":0},"f":{"0":0},"b":{}}
,"/Users/kevendesousasilva/dev/cron-barber-api/src/domain/barbershop/entities/barbershop.entity.ts": {"path":"/Users/kevendesousasilva/dev/cron-barber-api/src/domain/barbershop/entities/barbershop.entity.ts","statementMap":{"0":{"start":{"line":32,"column":4},"end":{"line":32,"column":25}},"1":{"start":{"line":33,"column":4},"end":{"line":33,"column":24}},"2":{"start":{"line":34,"column":4},"end":{"line":34,"column":28}},"3":{"start":{"line":35,"column":4},"end":{"line":35,"column":28}},"4":{"start":{"line":36,"column":4},"end":{"line":36,"column":42}},"5":{"start":{"line":37,"column":4},"end":{"line":37,"column":34}},"6":{"start":{"line":38,"column":4},"end":{"line":38,"column":34}},"7":{"start":{"line":39,"column":4},"end":{"line":39,"column":34}},"8":{"start":{"line":40,"column":4},"end":{"line":40,"column":45}},"9":{"start":{"line":41,"column":4},"end":{"line":41,"column":52}},"10":{"start":{"line":42,"column":4},"end":{"line":42,"column":52}},"11":{"start":{"line":43,"column":4},"end":{"line":43,"column":42}},"12":{"start":{"line":44,"column":4},"end":{"line":44,"column":52}},"13":{"start":{"line":52,"column":4},"end":{"line":54,"column":5}},"14":{"start":{"line":53,"column":6},"end":{"line":53,"column":76}},"15":{"start":{"line":56,"column":4},"end":{"line":58,"column":5}},"16":{"start":{"line":57,"column":6},"end":{"line":57,"column":76}},"17":{"start":{"line":60,"column":4},"end":{"line":64,"column":5}},"18":{"start":{"line":61,"column":6},"end":{"line":63,"column":8}},"19":{"start":{"line":66,"column":4},"end":{"line":68,"column":5}},"20":{"start":{"line":67,"column":6},"end":{"line":67,"column":53}},"21":{"start":{"line":72,"column":4},"end":{"line":72,"column":20}},"22":{"start":{"line":76,"column":4},"end":{"line":76,"column":22}},"23":{"start":{"line":80,"column":4},"end":{"line":82,"column":5}},"24":{"start":{"line":81,"column":6},"end":{"line":81,"column":76}},"25":{"start":{"line":83,"column":4},"end":{"line":83,"column":22}},"26":{"start":{"line":84,"column":4},"end":{"line":84,"column":33}},"27":{"start":{"line":88,"column":4},"end":{"line":88,"column":22}},"28":{"start":{"line":92,"column":4},"end":{"line":94,"column":5}},"29":{"start":{"line":93,"column":6},"end":{"line":93,"column":76}},"30":{"start":{"line":96,"column":4},"end":{"line":100,"column":5}},"31":{"start":{"line":97,"column":6},"end":{"line":99,"column":8}},"32":{"start":{"line":102,"column":4},"end":{"line":102,"column":22}},"33":{"start":{"line":103,"column":4},"end":{"line":103,"column":33}},"34":{"start":{"line":107,"column":4},"end":{"line":107,"column":29}},"35":{"start":{"line":111,"column":4},"end":{"line":111,"column":36}},"36":{"start":{"line":112,"column":4},"end":{"line":112,"column":33}},"37":{"start":{"line":116,"column":4},"end":{"line":116,"column":25}},"38":{"start":{"line":120,"column":4},"end":{"line":120,"column":28}},"39":{"start":{"line":121,"column":4},"end":{"line":121,"column":33}},"40":{"start":{"line":125,"column":4},"end":{"line":125,"column":25}},"41":{"start":{"line":129,"column":4},"end":{"line":129,"column":28}},"42":{"start":{"line":130,"column":4},"end":{"line":130,"column":33}},"43":{"start":{"line":134,"column":4},"end":{"line":134,"column":25}},"44":{"start":{"line":138,"column":4},"end":{"line":138,"column":26}},"45":{"start":{"line":143,"column":4},"end":{"line":149,"column":5}},"46":{"start":{"line":144,"column":6},"end":{"line":144,"column":61}},"47":{"start":{"line":145,"column":6},"end":{"line":145,"column":32}},"48":{"start":{"line":146,"column":6},"end":{"line":146,"column":35}},"49":{"start":{"line":148,"column":6},"end":{"line":148,"column":61}},"50":{"start":{"line":153,"column":4},"end":{"line":153,"column":37}},"51":{"start":{"line":157,"column":4},"end":{"line":157,"column":37}},"52":{"start":{"line":161,"column":4},"end":{"line":161,"column":31}},"53":{"start":{"line":165,"column":4},"end":{"line":165,"column":36}},"54":{"start":{"line":169,"column":4},"end":{"line":171,"column":5}},"55":{"start":{"line":170,"column":6},"end":{"line":170,"column":65}},"56":{"start":{"line":172,"column":4},"end":{"line":172,"column":33}},"57":{"start":{"line":176,"column":4},"end":{"line":178,"column":6}},"58":{"start":{"line":177,"column":19},"end":{"line":177,"column":43}},"59":{"start":{"line":183,"column":30},"end":{"line":184,"column":null}},"60":{"start":{"line":184,"column":16},"end":{"line":184,"column":57}},"61":{"start":{"line":187,"column":4},"end":{"line":193,"column":5}},"62":{"start":{"line":189,"column":6},"end":{"line":189,"column":60}},"63":{"start":{"line":192,"column":6},"end":{"line":192,"column":45}},"64":{"start":{"line":197,"column":4},"end":{"line":199,"column":6}},"65":{"start":{"line":198,"column":16},"end":{"line":198,"column":44}},"66":{"start":{"line":203,"column":22},"end":{"line":203,"column":38}},"67":{"start":{"line":204,"column":17},"end":{"line":205,"column":null}},"68":{"start":{"line":205,"column":16},"end":{"line":205,"column":61}},"69":{"start":{"line":208,"column":4},"end":{"line":210,"column":5}},"70":{"start":{"line":209,"column":6},"end":{"line":209,"column":19}},"71":{"start":{"line":212,"column":18},"end":{"line":212,"column":36}},"72":{"start":{"line":213,"column":20},"end":{"line":213,"column":40}},"73":{"start":{"line":214,"column":23},"end":{"line":214,"column":100}},"74":{"start":{"line":216,"column":45},"end":{"line":218,"column":18}},"75":{"start":{"line":219,"column":41},"end":{"line":219,"column":76}},"76":{"start":{"line":221,"column":24},"end":{"line":221,"column":44}},"77":{"start":{"line":222,"column":29},"end":{"line":222,"column":65}},"78":{"start":{"line":223,"column":27},"end":{"line":223,"column":59}},"79":{"start":{"line":225,"column":4},"end":{"line":225,"column":75}},"80":{"start":{"line":229,"column":4},"end":{"line":242,"column":6}},"81":{"start":{"line":240,"column":48},"end":{"line":240,"column":64}},"82":{"start":{"line":241,"column":55},"end":{"line":241,"column":68}},"83":{"start":{"line":4,"column":0},"end":{"line":4,"column":13}}},"fnMap":{"0":{"name":"(anonymous_0)","decl":{"start":{"line":18,"column":2},"end":{"line":18,"column":14}},"loc":{"start":{"line":31,"column":3},"end":{"line":45,"column":3}}},"1":{"name":"(anonymous_1)","decl":{"start":{"line":47,"column":10},"end":{"line":47,"column":18}},"loc":{"start":{"line":51,"column":3},"end":{"line":69,"column":3}}},"2":{"name":"(anonymous_2)","decl":{"start":{"line":71,"column":2},"end":{"line":71,"column":6}},"loc":{"start":{"line":71,"column":8},"end":{"line":73,"column":3}}},"3":{"name":"(anonymous_3)","decl":{"start":{"line":75,"column":2},"end":{"line":75,"column":6}},"loc":{"start":{"line":75,"column":10},"end":{"line":77,"column":3}}},"4":{"name":"(anonymous_4)","decl":{"start":{"line":79,"column":2},"end":{"line":79,"column":6}},"loc":{"start":{"line":79,"column":23},"end":{"line":85,"column":3}}},"5":{"name":"(anonymous_5)","decl":{"start":{"line":87,"column":2},"end":{"line":87,"column":6}},"loc":{"start":{"line":87,"column":10},"end":{"line":89,"column":3}}},"6":{"name":"(anonymous_6)","decl":{"start":{"line":91,"column":2},"end":{"line":91,"column":6}},"loc":{"start":{"line":91,"column":23},"end":{"line":104,"column":3}}},"7":{"name":"(anonymous_7)","decl":{"start":{"line":106,"column":2},"end":{"line":106,"column":6}},"loc":{"start":{"line":106,"column":17},"end":{"line":108,"column":3}}},"8":{"name":"(anonymous_8)","decl":{"start":{"line":110,"column":2},"end":{"line":110,"column":6}},"loc":{"start":{"line":110,"column":49},"end":{"line":113,"column":3}}},"9":{"name":"(anonymous_9)","decl":{"start":{"line":115,"column":2},"end":{"line":115,"column":6}},"loc":{"start":{"line":115,"column":13},"end":{"line":117,"column":3}}},"10":{"name":"(anonymous_10)","decl":{"start":{"line":119,"column":2},"end":{"line":119,"column":6}},"loc":{"start":{"line":119,"column":41},"end":{"line":122,"column":3}}},"11":{"name":"(anonymous_11)","decl":{"start":{"line":124,"column":2},"end":{"line":124,"column":6}},"loc":{"start":{"line":124,"column":13},"end":{"line":126,"column":3}}},"12":{"name":"(anonymous_12)","decl":{"start":{"line":128,"column":2},"end":{"line":128,"column":6}},"loc":{"start":{"line":128,"column":41},"end":{"line":131,"column":3}}},"13":{"name":"(anonymous_13)","decl":{"start":{"line":133,"column":2},"end":{"line":133,"column":6}},"loc":{"start":{"line":133,"column":13},"end":{"line":135,"column":3}}},"14":{"name":"(anonymous_14)","decl":{"start":{"line":137,"column":2},"end":{"line":137,"column":6}},"loc":{"start":{"line":137,"column":14},"end":{"line":139,"column":3}}},"15":{"name":"(anonymous_15)","decl":{"start":{"line":141,"column":2},"end":{"line":141,"column":6}},"loc":{"start":{"line":141,"column":31},"end":{"line":150,"column":3}}},"16":{"name":"(anonymous_16)","decl":{"start":{"line":152,"column":2},"end":{"line":152,"column":6}},"loc":{"start":{"line":152,"column":15},"end":{"line":154,"column":3}}},"17":{"name":"(anonymous_17)","decl":{"start":{"line":156,"column":2},"end":{"line":156,"column":6}},"loc":{"start":{"line":156,"column":15},"end":{"line":158,"column":3}}},"18":{"name":"(anonymous_18)","decl":{"start":{"line":160,"column":2},"end":{"line":160,"column":6}},"loc":{"start":{"line":160,"column":14},"end":{"line":162,"column":3}}},"19":{"name":"(anonymous_19)","decl":{"start":{"line":164,"column":2},"end":{"line":164,"column":6}},"loc":{"start":{"line":164,"column":19},"end":{"line":166,"column":3}}},"20":{"name":"(anonymous_20)","decl":{"start":{"line":168,"column":2},"end":{"line":168,"column":12}},"loc":{"start":{"line":168,"column":29},"end":{"line":173,"column":3}}},"21":{"name":"(anonymous_21)","decl":{"start":{"line":175,"column":2},"end":{"line":175,"column":15}},"loc":{"start":{"line":175,"column":33},"end":{"line":179,"column":3}}},"22":{"name":"(anonymous_22)","decl":{"start":{"line":177,"column":6},"end":{"line":177,"column":7}},"loc":{"start":{"line":177,"column":19},"end":{"line":177,"column":43}}},"23":{"name":"(anonymous_23)","decl":{"start":{"line":181,"column":2},"end":{"line":181,"column":17}},"loc":{"start":{"line":181,"column":44},"end":{"line":194,"column":3}}},"24":{"name":"(anonymous_24)","decl":{"start":{"line":184,"column":6},"end":{"line":184,"column":7}},"loc":{"start":{"line":184,"column":16},"end":{"line":184,"column":57}}},"25":{"name":"(anonymous_25)","decl":{"start":{"line":196,"column":2},"end":{"line":196,"column":20}},"loc":{"start":{"line":196,"column":38},"end":{"line":200,"column":3}}},"26":{"name":"(anonymous_26)","decl":{"start":{"line":198,"column":6},"end":{"line":198,"column":7}},"loc":{"start":{"line":198,"column":16},"end":{"line":198,"column":44}}},"27":{"name":"(anonymous_27)","decl":{"start":{"line":202,"column":2},"end":{"line":202,"column":8}},"loc":{"start":{"line":202,"column":19},"end":{"line":226,"column":3}}},"28":{"name":"(anonymous_28)","decl":{"start":{"line":205,"column":6},"end":{"line":205,"column":7}},"loc":{"start":{"line":205,"column":16},"end":{"line":205,"column":61}}},"29":{"name":"(anonymous_29)","decl":{"start":{"line":228,"column":2},"end":{"line":228,"column":8}},"loc":{"start":{"line":228,"column":8},"end":{"line":243,"column":3}}},"30":{"name":"(anonymous_30)","decl":{"start":{"line":240,"column":35},"end":{"line":240,"column":36}},"loc":{"start":{"line":240,"column":48},"end":{"line":240,"column":64}}},"31":{"name":"(anonymous_31)","decl":{"start":{"line":241,"column":45},"end":{"line":241,"column":46}},"loc":{"start":{"line":241,"column":55},"end":{"line":241,"column":68}}}},"branchMap":{"0":{"loc":{"start":{"line":40,"column":21},"end":{"line":40,"column":44}},"type":"binary-expr","locations":[{"start":{"line":40,"column":21},"end":{"line":40,"column":35}},{"start":{"line":40,"column":39},"end":{"line":40,"column":44}}]},"1":{"loc":{"start":{"line":41,"column":22},"end":{"line":41,"column":51}},"type":"binary-expr","locations":[{"start":{"line":41,"column":22},"end":{"line":41,"column":37}},{"start":{"line":41,"column":41},"end":{"line":41,"column":51}}]},"2":{"loc":{"start":{"line":42,"column":22},"end":{"line":42,"column":51}},"type":"binary-expr","locations":[{"start":{"line":42,"column":22},"end":{"line":42,"column":37}},{"start":{"line":42,"column":41},"end":{"line":42,"column":51}}]},"3":{"loc":{"start":{"line":43,"column":21},"end":{"line":43,"column":41}},"type":"binary-expr","locations":[{"start":{"line":43,"column":21},"end":{"line":43,"column":35}},{"start":{"line":43,"column":39},"end":{"line":43,"column":41}}]},"4":{"loc":{"start":{"line":44,"column":26},"end":{"line":44,"column":51}},"type":"binary-expr","locations":[{"start":{"line":44,"column":26},"end":{"line":44,"column":45}},{"start":{"line":44,"column":49},"end":{"line":44,"column":51}}]},"5":{"loc":{"start":{"line":52,"column":4},"end":{"line":54,"column":5}},"type":"if","locations":[{"start":{"line":52,"column":4},"end":{"line":54,"column":5}}]},"6":{"loc":{"start":{"line":52,"column":8},"end":{"line":52,"column":51}},"type":"binary-expr","locations":[{"start":{"line":52,"column":8},"end":{"line":52,"column":19}},{"start":{"line":52,"column":23},"end":{"line":52,"column":51}}]},"7":{"loc":{"start":{"line":56,"column":4},"end":{"line":58,"column":5}},"type":"if","locations":[{"start":{"line":56,"column":4},"end":{"line":58,"column":5}}]},"8":{"loc":{"start":{"line":56,"column":8},"end":{"line":56,"column":51}},"type":"binary-expr","locations":[{"start":{"line":56,"column":8},"end":{"line":56,"column":19}},{"start":{"line":56,"column":23},"end":{"line":56,"column":51}}]},"9":{"loc":{"start":{"line":60,"column":4},"end":{"line":64,"column":5}},"type":"if","locations":[{"start":{"line":60,"column":4},"end":{"line":64,"column":5}}]},"10":{"loc":{"start":{"line":66,"column":4},"end":{"line":68,"column":5}},"type":"if","locations":[{"start":{"line":66,"column":4},"end":{"line":68,"column":5}}]},"11":{"loc":{"start":{"line":80,"column":4},"end":{"line":82,"column":5}},"type":"if","locations":[{"start":{"line":80,"column":4},"end":{"line":82,"column":5}}]},"12":{"loc":{"start":{"line":80,"column":8},"end":{"line":80,"column":39}},"type":"binary-expr","locations":[{"start":{"line":80,"column":8},"end":{"line":80,"column":13}},{"start":{"line":80,"column":17},"end":{"line":80,"column":39}}]},"13":{"loc":{"start":{"line":92,"column":4},"end":{"line":94,"column":5}},"type":"if","locations":[{"start":{"line":92,"column":4},"end":{"line":94,"column":5}}]},"14":{"loc":{"start":{"line":92,"column":8},"end":{"line":92,"column":39}},"type":"binary-expr","locations":[{"start":{"line":92,"column":8},"end":{"line":92,"column":13}},{"start":{"line":92,"column":17},"end":{"line":92,"column":39}}]},"15":{"loc":{"start":{"line":96,"column":4},"end":{"line":100,"column":5}},"type":"if","locations":[{"start":{"line":96,"column":4},"end":{"line":100,"column":5}}]},"16":{"loc":{"start":{"line":169,"column":4},"end":{"line":171,"column":5}},"type":"if","locations":[{"start":{"line":169,"column":4},"end":{"line":171,"column":5}}]},"17":{"loc":{"start":{"line":187,"column":4},"end":{"line":193,"column":5}},"type":"if","locations":[{"start":{"line":187,"column":4},"end":{"line":193,"column":5}},{"start":{"line":190,"column":11},"end":{"line":193,"column":5}}]},"18":{"loc":{"start":{"line":205,"column":16},"end":{"line":205,"column":61}},"type":"binary-expr","locations":[{"start":{"line":205,"column":16},"end":{"line":205,"column":44}},{"start":{"line":205,"column":48},"end":{"line":205,"column":61}}]},"19":{"loc":{"start":{"line":208,"column":4},"end":{"line":210,"column":5}},"type":"if","locations":[{"start":{"line":208,"column":4},"end":{"line":210,"column":5}}]},"20":{"loc":{"start":{"line":225,"column":11},"end":{"line":225,"column":74}},"type":"binary-expr","locations":[{"start":{"line":225,"column":11},"end":{"line":225,"column":42}},{"start":{"line":225,"column":46},"end":{"line":225,"column":74}}]}},"s":{"0":26,"1":22,"2":22,"3":22,"4":22,"5":22,"6":22,"7":22,"8":22,"9":22,"10":22,"11":22,"12":22,"13":26,"14":1,"15":25,"16":1,"17":24,"18":1,"19":23,"20":1,"21":2,"22":2,"23":2,"24":1,"25":1,"26":1,"27":2,"28":2,"29":0,"30":2,"31":1,"32":1,"33":1,"34":2,"35":1,"36":1,"37":2,"38":1,"39":1,"40":2,"41":1,"42":1,"43":1,"44":3,"45":2,"46":2,"47":1,"48":1,"49":1,"50":2,"51":8,"52":8,"53":12,"54":4,"55":1,"56":3,"57":1,"58":2,"59":17,"60":14,"61":17,"62":1,"63":16,"64":1,"65":2,"66":5,"67":5,"68":9,"69":5,"70":2,"71":3,"72":3,"73":3,"74":3,"75":3,"76":3,"77":3,"78":3,"79":3,"80":1,"81":1,"82":1,"83":1},"f":{"0":26,"1":26,"2":2,"3":2,"4":2,"5":2,"6":2,"7":2,"8":1,"9":2,"10":1,"11":2,"12":1,"13":1,"14":3,"15":2,"16":2,"17":8,"18":8,"19":12,"20":4,"21":1,"22":2,"23":17,"24":14,"25":1,"26":2,"27":5,"28":9,"29":1,"30":1,"31":1},"b":{"0":[22,21],"1":[22,21],"2":[22,21],"3":[22,20],"4":[22,20],"5":[1],"6":[26,26],"7":[1],"8":[25,25],"9":[1],"10":[1],"11":[1],"12":[2,2],"13":[0],"14":[2,2],"15":[1],"16":[1],"17":[1,16],"18":[9,4],"19":[2],"20":[3,2]}}
,"/Users/kevendesousasilva/dev/cron-barber-api/src/domain/barbershop/entities/service.entity.ts": {"path":"/Users/kevendesousasilva/dev/cron-barber-api/src/domain/barbershop/entities/service.entity.ts","statementMap":{"0":{"start":{"line":25,"column":4},"end":{"line":25,"column":25}},"1":{"start":{"line":26,"column":4},"end":{"line":26,"column":24}},"2":{"start":{"line":27,"column":4},"end":{"line":27,"column":28}},"3":{"start":{"line":28,"column":4},"end":{"line":28,"column":42}},"4":{"start":{"line":29,"column":4},"end":{"line":29,"column":30}},"5":{"start":{"line":30,"column":4},"end":{"line":30,"column":50}},"6":{"start":{"line":31,"column":4},"end":{"line":31,"column":44}},"7":{"start":{"line":32,"column":4},"end":{"line":32,"column":44}},"8":{"start":{"line":33,"column":4},"end":{"line":33,"column":52}},"9":{"start":{"line":34,"column":4},"end":{"line":34,"column":52}},"10":{"start":{"line":42,"column":4},"end":{"line":44,"column":5}},"11":{"start":{"line":43,"column":6},"end":{"line":43,"column":74}},"12":{"start":{"line":46,"column":4},"end":{"line":48,"column":5}},"13":{"start":{"line":47,"column":6},"end":{"line":47,"column":73}},"14":{"start":{"line":50,"column":4},"end":{"line":52,"column":5}},"15":{"start":{"line":51,"column":6},"end":{"line":51,"column":50}},"16":{"start":{"line":56,"column":4},"end":{"line":56,"column":20}},"17":{"start":{"line":60,"column":4},"end":{"line":60,"column":22}},"18":{"start":{"line":64,"column":4},"end":{"line":66,"column":5}},"19":{"start":{"line":65,"column":6},"end":{"line":65,"column":74}},"20":{"start":{"line":67,"column":4},"end":{"line":67,"column":22}},"21":{"start":{"line":68,"column":4},"end":{"line":68,"column":33}},"22":{"start":{"line":72,"column":4},"end":{"line":72,"column":29}},"23":{"start":{"line":76,"column":4},"end":{"line":76,"column":36}},"24":{"start":{"line":77,"column":4},"end":{"line":77,"column":33}},"25":{"start":{"line":81,"column":4},"end":{"line":81,"column":23}},"26":{"start":{"line":85,"column":4},"end":{"line":85,"column":24}},"27":{"start":{"line":86,"column":4},"end":{"line":86,"column":33}},"28":{"start":{"line":90,"column":4},"end":{"line":90,"column":33}},"29":{"start":{"line":94,"column":4},"end":{"line":96,"column":5}},"30":{"start":{"line":95,"column":6},"end":{"line":95,"column":73}},"31":{"start":{"line":97,"column":4},"end":{"line":97,"column":44}},"32":{"start":{"line":98,"column":4},"end":{"line":98,"column":33}},"33":{"start":{"line":102,"column":4},"end":{"line":102,"column":26}},"34":{"start":{"line":106,"column":4},"end":{"line":106,"column":30}},"35":{"start":{"line":107,"column":4},"end":{"line":107,"column":33}},"36":{"start":{"line":111,"column":4},"end":{"line":111,"column":30}},"37":{"start":{"line":115,"column":4},"end":{"line":115,"column":37}},"38":{"start":{"line":119,"column":4},"end":{"line":119,"column":37}},"39":{"start":{"line":123,"column":4},"end":{"line":123,"column":26}},"40":{"start":{"line":124,"column":4},"end":{"line":124,"column":33}},"41":{"start":{"line":128,"column":4},"end":{"line":128,"column":27}},"42":{"start":{"line":129,"column":4},"end":{"line":129,"column":33}},"43":{"start":{"line":133,"column":4},"end":{"line":143,"column":6}},"44":{"start":{"line":3,"column":0},"end":{"line":3,"column":13}}},"fnMap":{"0":{"name":"(anonymous_0)","decl":{"start":{"line":14,"column":2},"end":{"line":14,"column":14}},"loc":{"start":{"line":24,"column":3},"end":{"line":35,"column":3}}},"1":{"name":"(anonymous_1)","decl":{"start":{"line":37,"column":10},"end":{"line":37,"column":18}},"loc":{"start":{"line":41,"column":3},"end":{"line":53,"column":3}}},"2":{"name":"(anonymous_2)","decl":{"start":{"line":55,"column":2},"end":{"line":55,"column":6}},"loc":{"start":{"line":55,"column":8},"end":{"line":57,"column":3}}},"3":{"name":"(anonymous_3)","decl":{"start":{"line":59,"column":2},"end":{"line":59,"column":6}},"loc":{"start":{"line":59,"column":10},"end":{"line":61,"column":3}}},"4":{"name":"(anonymous_4)","decl":{"start":{"line":63,"column":2},"end":{"line":63,"column":6}},"loc":{"start":{"line":63,"column":23},"end":{"line":69,"column":3}}},"5":{"name":"(anonymous_5)","decl":{"start":{"line":71,"column":2},"end":{"line":71,"column":6}},"loc":{"start":{"line":71,"column":17},"end":{"line":73,"column":3}}},"6":{"name":"(anonymous_6)","decl":{"start":{"line":75,"column":2},"end":{"line":75,"column":6}},"loc":{"start":{"line":75,"column":49},"end":{"line":78,"column":3}}},"7":{"name":"(anonymous_7)","decl":{"start":{"line":80,"column":2},"end":{"line":80,"column":6}},"loc":{"start":{"line":80,"column":11},"end":{"line":82,"column":3}}},"8":{"name":"(anonymous_8)","decl":{"start":{"line":84,"column":2},"end":{"line":84,"column":6}},"loc":{"start":{"line":84,"column":24},"end":{"line":87,"column":3}}},"9":{"name":"(anonymous_9)","decl":{"start":{"line":89,"column":2},"end":{"line":89,"column":6}},"loc":{"start":{"line":89,"column":21},"end":{"line":91,"column":3}}},"10":{"name":"(anonymous_10)","decl":{"start":{"line":93,"column":2},"end":{"line":93,"column":6}},"loc":{"start":{"line":93,"column":45},"end":{"line":99,"column":3}}},"11":{"name":"(anonymous_11)","decl":{"start":{"line":101,"column":2},"end":{"line":101,"column":6}},"loc":{"start":{"line":101,"column":14},"end":{"line":103,"column":3}}},"12":{"name":"(anonymous_12)","decl":{"start":{"line":105,"column":2},"end":{"line":105,"column":6}},"loc":{"start":{"line":105,"column":32},"end":{"line":108,"column":3}}},"13":{"name":"(anonymous_13)","decl":{"start":{"line":110,"column":2},"end":{"line":110,"column":6}},"loc":{"start":{"line":110,"column":18},"end":{"line":112,"column":3}}},"14":{"name":"(anonymous_14)","decl":{"start":{"line":114,"column":2},"end":{"line":114,"column":6}},"loc":{"start":{"line":114,"column":15},"end":{"line":116,"column":3}}},"15":{"name":"(anonymous_15)","decl":{"start":{"line":118,"column":2},"end":{"line":118,"column":6}},"loc":{"start":{"line":118,"column":15},"end":{"line":120,"column":3}}},"16":{"name":"(anonymous_16)","decl":{"start":{"line":122,"column":2},"end":{"line":122,"column":10}},"loc":{"start":{"line":122,"column":10},"end":{"line":125,"column":3}}},"17":{"name":"(anonymous_17)","decl":{"start":{"line":127,"column":2},"end":{"line":127,"column":12}},"loc":{"start":{"line":127,"column":12},"end":{"line":130,"column":3}}},"18":{"name":"(anonymous_18)","decl":{"start":{"line":132,"column":2},"end":{"line":132,"column":8}},"loc":{"start":{"line":132,"column":8},"end":{"line":144,"column":3}}}},"branchMap":{"0":{"loc":{"start":{"line":31,"column":21},"end":{"line":31,"column":43}},"type":"binary-expr","locations":[{"start":{"line":31,"column":21},"end":{"line":31,"column":35}},{"start":{"line":31,"column":39},"end":{"line":31,"column":43}}]},"1":{"loc":{"start":{"line":33,"column":22},"end":{"line":33,"column":51}},"type":"binary-expr","locations":[{"start":{"line":33,"column":22},"end":{"line":33,"column":37}},{"start":{"line":33,"column":41},"end":{"line":33,"column":51}}]},"2":{"loc":{"start":{"line":34,"column":22},"end":{"line":34,"column":51}},"type":"binary-expr","locations":[{"start":{"line":34,"column":22},"end":{"line":34,"column":37}},{"start":{"line":34,"column":41},"end":{"line":34,"column":51}}]},"3":{"loc":{"start":{"line":42,"column":4},"end":{"line":44,"column":5}},"type":"if","locations":[{"start":{"line":42,"column":4},"end":{"line":44,"column":5}}]},"4":{"loc":{"start":{"line":42,"column":8},"end":{"line":42,"column":51}},"type":"binary-expr","locations":[{"start":{"line":42,"column":8},"end":{"line":42,"column":19}},{"start":{"line":42,"column":23},"end":{"line":42,"column":51}}]},"5":{"loc":{"start":{"line":46,"column":4},"end":{"line":48,"column":5}},"type":"if","locations":[{"start":{"line":46,"column":4},"end":{"line":48,"column":5}}]},"6":{"loc":{"start":{"line":50,"column":4},"end":{"line":52,"column":5}},"type":"if","locations":[{"start":{"line":50,"column":4},"end":{"line":52,"column":5}}]},"7":{"loc":{"start":{"line":64,"column":4},"end":{"line":66,"column":5}},"type":"if","locations":[{"start":{"line":64,"column":4},"end":{"line":66,"column":5}}]},"8":{"loc":{"start":{"line":64,"column":8},"end":{"line":64,"column":39}},"type":"binary-expr","locations":[{"start":{"line":64,"column":8},"end":{"line":64,"column":13}},{"start":{"line":64,"column":17},"end":{"line":64,"column":39}}]},"9":{"loc":{"start":{"line":94,"column":4},"end":{"line":96,"column":5}},"type":"if","locations":[{"start":{"line":94,"column":4},"end":{"line":96,"column":5}}]}},"s":{"0":23,"1":18,"2":18,"3":18,"4":18,"5":18,"6":18,"7":18,"8":18,"9":18,"10":23,"11":1,"12":22,"13":2,"14":20,"15":2,"16":7,"17":2,"18":2,"19":1,"20":1,"21":1,"22":2,"23":1,"24":1,"25":2,"26":1,"27":1,"28":2,"29":2,"30":1,"31":1,"32":1,"33":5,"34":1,"35":1,"36":5,"37":2,"38":7,"39":1,"40":1,"41":1,"42":1,"43":2,"44":2},"f":{"0":23,"1":23,"2":7,"3":2,"4":2,"5":2,"6":1,"7":2,"8":1,"9":2,"10":2,"11":5,"12":1,"13":5,"14":2,"15":7,"16":1,"17":1,"18":2},"b":{"0":[18,16],"1":[18,17],"2":[18,17],"3":[1],"4":[23,23],"5":[2],"6":[2],"7":[1],"8":[2,2],"9":[1]}}
,"/Users/kevendesousasilva/dev/cron-barber-api/src/domain/common/value-objects/money.vo.ts": {"path":"/Users/kevendesousasilva/dev/cron-barber-api/src/domain/common/value-objects/money.vo.ts","statementMap":{"0":{"start":{"line":6,"column":4},"end":{"line":6,"column":32}},"1":{"start":{"line":7,"column":4},"end":{"line":7,"column":50}},"2":{"start":{"line":8,"column":4},"end":{"line":8,"column":30}},"3":{"start":{"line":12,"column":4},"end":{"line":14,"column":5}},"4":{"start":{"line":13,"column":6},"end":{"line":13,"column":69}},"5":{"start":{"line":16,"column":4},"end":{"line":18,"column":5}},"6":{"start":{"line":17,"column":6},"end":{"line":17,"column":65}},"7":{"start":{"line":22,"column":4},"end":{"line":22,"column":24}},"8":{"start":{"line":26,"column":4},"end":{"line":26,"column":26}},"9":{"start":{"line":30,"column":4},"end":{"line":30,"column":37}},"10":{"start":{"line":31,"column":4},"end":{"line":31,"column":67}},"11":{"start":{"line":35,"column":4},"end":{"line":35,"column":37}},"12":{"start":{"line":36,"column":19},"end":{"line":36,"column":47}},"13":{"start":{"line":38,"column":4},"end":{"line":40,"column":5}},"14":{"start":{"line":39,"column":6},"end":{"line":39,"column":63}},"15":{"start":{"line":42,"column":4},"end":{"line":42,"column":45}},"16":{"start":{"line":46,"column":4},"end":{"line":48,"column":5}},"17":{"start":{"line":47,"column":6},"end":{"line":47,"column":76}},"18":{"start":{"line":50,"column":4},"end":{"line":52,"column":5}},"19":{"start":{"line":51,"column":6},"end":{"line":51,"column":72}},"20":{"start":{"line":54,"column":4},"end":{"line":54,"column":60}},"21":{"start":{"line":58,"column":4},"end":{"line":62,"column":5}},"22":{"start":{"line":59,"column":6},"end":{"line":61,"column":8}},"23":{"start":{"line":66,"column":4},"end":{"line":66,"column":80}},"24":{"start":{"line":70,"column":4},"end":{"line":73,"column":28}},"25":{"start":{"line":77,"column":4},"end":{"line":81,"column":6}},"26":{"start":{"line":1,"column":0},"end":{"line":1,"column":13}}},"fnMap":{"0":{"name":"(anonymous_0)","decl":{"start":{"line":5,"column":2},"end":{"line":5,"column":14}},"loc":{"start":{"line":5,"column":54},"end":{"line":9,"column":3}}},"1":{"name":"(anonymous_1)","decl":{"start":{"line":11,"column":10},"end":{"line":11,"column":24}},"loc":{"start":{"line":11,"column":39},"end":{"line":19,"column":3}}},"2":{"name":"(anonymous_2)","decl":{"start":{"line":21,"column":2},"end":{"line":21,"column":13}},"loc":{"start":{"line":21,"column":19},"end":{"line":23,"column":3}}},"3":{"name":"(anonymous_3)","decl":{"start":{"line":25,"column":2},"end":{"line":25,"column":13}},"loc":{"start":{"line":25,"column":21},"end":{"line":27,"column":3}}},"4":{"name":"(anonymous_4)","decl":{"start":{"line":29,"column":9},"end":{"line":29,"column":12}},"loc":{"start":{"line":29,"column":25},"end":{"line":32,"column":3}}},"5":{"name":"(anonymous_5)","decl":{"start":{"line":34,"column":9},"end":{"line":34,"column":17}},"loc":{"start":{"line":34,"column":30},"end":{"line":43,"column":3}}},"6":{"name":"(anonymous_6)","decl":{"start":{"line":45,"column":9},"end":{"line":45,"column":17}},"loc":{"start":{"line":45,"column":32},"end":{"line":55,"column":3}}},"7":{"name":"(anonymous_7)","decl":{"start":{"line":57,"column":10},"end":{"line":57,"column":30}},"loc":{"start":{"line":57,"column":43},"end":{"line":63,"column":3}}},"8":{"name":"(anonymous_8)","decl":{"start":{"line":65,"column":9},"end":{"line":65,"column":15}},"loc":{"start":{"line":65,"column":28},"end":{"line":67,"column":3}}},"9":{"name":"(anonymous_9)","decl":{"start":{"line":69,"column":9},"end":{"line":69,"column":15}},"loc":{"start":{"line":69,"column":15},"end":{"line":74,"column":3}}},"10":{"name":"(anonymous_10)","decl":{"start":{"line":76,"column":9},"end":{"line":76,"column":15}},"loc":{"start":{"line":76,"column":15},"end":{"line":82,"column":3}}}},"branchMap":{"0":{"loc":{"start":{"line":5,"column":30},"end":{"line":5,"column":54}},"type":"default-arg","locations":[{"start":{"line":5,"column":49},"end":{"line":5,"column":54}}]},"1":{"loc":{"start":{"line":12,"column":4},"end":{"line":14,"column":5}},"type":"if","locations":[{"start":{"line":12,"column":4},"end":{"line":14,"column":5}}]},"2":{"loc":{"start":{"line":12,"column":8},"end":{"line":12,"column":51}},"type":"binary-expr","locations":[{"start":{"line":12,"column":8},"end":{"line":12,"column":34}},{"start":{"line":12,"column":38},"end":{"line":12,"column":51}}]},"3":{"loc":{"start":{"line":16,"column":4},"end":{"line":18,"column":5}},"type":"if","locations":[{"start":{"line":16,"column":4},"end":{"line":18,"column":5}}]},"4":{"loc":{"start":{"line":38,"column":4},"end":{"line":40,"column":5}},"type":"if","locations":[{"start":{"line":38,"column":4},"end":{"line":40,"column":5}}]},"5":{"loc":{"start":{"line":46,"column":4},"end":{"line":48,"column":5}},"type":"if","locations":[{"start":{"line":46,"column":4},"end":{"line":48,"column":5}}]},"6":{"loc":{"start":{"line":46,"column":8},"end":{"line":46,"column":51}},"type":"binary-expr","locations":[{"start":{"line":46,"column":8},"end":{"line":46,"column":34}},{"start":{"line":46,"column":38},"end":{"line":46,"column":51}}]},"7":{"loc":{"start":{"line":50,"column":4},"end":{"line":52,"column":5}},"type":"if","locations":[{"start":{"line":50,"column":4},"end":{"line":52,"column":5}}]},"8":{"loc":{"start":{"line":58,"column":4},"end":{"line":62,"column":5}},"type":"if","locations":[{"start":{"line":58,"column":4},"end":{"line":62,"column":5}}]},"9":{"loc":{"start":{"line":66,"column":11},"end":{"line":66,"column":79}},"type":"binary-expr","locations":[{"start":{"line":66,"column":11},"end":{"line":66,"column":41}},{"start":{"line":66,"column":45},"end":{"line":66,"column":79}}]}},"s":{"0":37,"1":35,"2":35,"3":37,"4":1,"5":36,"6":1,"7":8,"8":5,"9":2,"10":1,"11":3,"12":2,"13":2,"14":1,"15":1,"16":3,"17":1,"18":2,"19":1,"20":1,"21":5,"22":2,"23":3,"24":4,"25":3,"26":3},"f":{"0":37,"1":37,"2":8,"3":5,"4":2,"5":3,"6":3,"7":5,"8":3,"9":4,"10":3},"b":{"0":[21],"1":[1],"2":[37,37],"3":[1],"4":[1],"5":[1],"6":[3,3],"7":[1],"8":[2],"9":[3,2]}}
,"/Users/kevendesousasilva/dev/cron-barber-api/src/domain/common/value-objects/schedule-rule.vo.ts": {"path":"/Users/kevendesousasilva/dev/cron-barber-api/src/domain/common/value-objects/schedule-rule.vo.ts","statementMap":{"0":{"start":{"line":13,"column":4},"end":{"line":13,"column":38}},"1":{"start":{"line":14,"column":4},"end":{"line":14,"column":60}},"2":{"start":{"line":15,"column":4},"end":{"line":15,"column":59}},"3":{"start":{"line":16,"column":4},"end":{"line":16,"column":47}},"4":{"start":{"line":18,"column":4},"end":{"line":18,"column":32}},"5":{"start":{"line":19,"column":4},"end":{"line":19,"column":32}},"6":{"start":{"line":20,"column":4},"end":{"line":20,"column":28}},"7":{"start":{"line":21,"column":4},"end":{"line":21,"column":30}},"8":{"start":{"line":25,"column":4},"end":{"line":29,"column":5}},"9":{"start":{"line":26,"column":6},"end":{"line":28,"column":8}},"10":{"start":{"line":33,"column":22},"end":{"line":33,"column":58}},"11":{"start":{"line":34,"column":4},"end":{"line":36,"column":5}},"12":{"start":{"line":35,"column":6},"end":{"line":35,"column":74}},"13":{"start":{"line":40,"column":37},"end":{"line":40,"column":69}},"14":{"start":{"line":41,"column":33},"end":{"line":41,"column":63}},"15":{"start":{"line":43,"column":23},"end":{"line":43,"column":51}},"16":{"start":{"line":44,"column":21},"end":{"line":44,"column":45}},"17":{"start":{"line":46,"column":4},"end":{"line":50,"column":5}},"18":{"start":{"line":47,"column":6},"end":{"line":49,"column":8}},"19":{"start":{"line":54,"column":4},"end":{"line":54,"column":27}},"20":{"start":{"line":58,"column":4},"end":{"line":58,"column":27}},"21":{"start":{"line":62,"column":4},"end":{"line":62,"column":25}},"22":{"start":{"line":66,"column":4},"end":{"line":66,"column":26}},"23":{"start":{"line":70,"column":17},"end":{"line":78,"column":6}},"24":{"start":{"line":79,"column":4},"end":{"line":79,"column":33}},"25":{"start":{"line":83,"column":4},"end":{"line":83,"column":51}},"26":{"start":{"line":87,"column":4},"end":{"line":92,"column":6}},"27":{"start":{"line":96,"column":4},"end":{"line":101,"column":6}},"28":{"start":{"line":105,"column":4},"end":{"line":110,"column":6}},"29":{"start":{"line":114,"column":4},"end":{"line":119,"column":6}},"30":{"start":{"line":129,"column":4},"end":{"line":135,"column":6}},"31":{"start":{"line":1,"column":0},"end":{"line":1,"column":13}}},"fnMap":{"0":{"name":"(anonymous_0)","decl":{"start":{"line":7,"column":2},"end":{"line":7,"column":null}},"loc":{"start":{"line":11,"column":28},"end":{"line":22,"column":3}}},"1":{"name":"(anonymous_1)","decl":{"start":{"line":24,"column":10},"end":{"line":24,"column":27}},"loc":{"start":{"line":24,"column":45},"end":{"line":30,"column":3}}},"2":{"name":"(anonymous_2)","decl":{"start":{"line":32,"column":10},"end":{"line":32,"column":28}},"loc":{"start":{"line":32,"column":60},"end":{"line":37,"column":3}}},"3":{"name":"(anonymous_3)","decl":{"start":{"line":39,"column":10},"end":{"line":39,"column":27}},"loc":{"start":{"line":39,"column":62},"end":{"line":51,"column":3}}},"4":{"name":"(anonymous_4)","decl":{"start":{"line":53,"column":2},"end":{"line":53,"column":13}},"loc":{"start":{"line":53,"column":22},"end":{"line":55,"column":3}}},"5":{"name":"(anonymous_5)","decl":{"start":{"line":57,"column":2},"end":{"line":57,"column":13}},"loc":{"start":{"line":57,"column":22},"end":{"line":59,"column":3}}},"6":{"name":"(anonymous_6)","decl":{"start":{"line":61,"column":2},"end":{"line":61,"column":13}},"loc":{"start":{"line":61,"column":20},"end":{"line":63,"column":3}}},"7":{"name":"(anonymous_7)","decl":{"start":{"line":65,"column":2},"end":{"line":65,"column":13}},"loc":{"start":{"line":65,"column":21},"end":{"line":67,"column":3}}},"8":{"name":"(anonymous_8)","decl":{"start":{"line":69,"column":9},"end":{"line":69,"column":19}},"loc":{"start":{"line":69,"column":19},"end":{"line":80,"column":3}}},"9":{"name":"(anonymous_9)","decl":{"start":{"line":82,"column":9},"end":{"line":82,"column":25}},"loc":{"start":{"line":82,"column":25},"end":{"line":84,"column":3}}},"10":{"name":"(anonymous_10)","decl":{"start":{"line":86,"column":9},"end":{"line":86,"column":19}},"loc":{"start":{"line":86,"column":19},"end":{"line":93,"column":3}}},"11":{"name":"(anonymous_11)","decl":{"start":{"line":95,"column":9},"end":{"line":95,"column":17}},"loc":{"start":{"line":95,"column":17},"end":{"line":102,"column":3}}},"12":{"name":"(anonymous_12)","decl":{"start":{"line":104,"column":9},"end":{"line":104,"column":20}},"loc":{"start":{"line":104,"column":55},"end":{"line":111,"column":3}}},"13":{"name":"(anonymous_13)","decl":{"start":{"line":113,"column":9},"end":{"line":113,"column":15}},"loc":{"start":{"line":113,"column":35},"end":{"line":120,"column":3}}},"14":{"name":"(anonymous_14)","decl":{"start":{"line":122,"column":9},"end":{"line":122,"column":15}},"loc":{"start":{"line":122,"column":15},"end":{"line":136,"column":3}}}},"branchMap":{"0":{"loc":{"start":{"line":11,"column":4},"end":{"line":11,"column":28}},"type":"default-arg","locations":[{"start":{"line":11,"column":24},"end":{"line":11,"column":28}}]},"1":{"loc":{"start":{"line":25,"column":4},"end":{"line":29,"column":5}},"type":"if","locations":[{"start":{"line":25,"column":4},"end":{"line":29,"column":5}}]},"2":{"loc":{"start":{"line":25,"column":8},"end":{"line":25,"column":71}},"type":"binary-expr","locations":[{"start":{"line":25,"column":8},"end":{"line":25,"column":37}},{"start":{"line":25,"column":41},"end":{"line":25,"column":54}},{"start":{"line":25,"column":58},"end":{"line":25,"column":71}}]},"3":{"loc":{"start":{"line":34,"column":4},"end":{"line":36,"column":5}},"type":"if","locations":[{"start":{"line":34,"column":4},"end":{"line":36,"column":5}}]},"4":{"loc":{"start":{"line":46,"column":4},"end":{"line":50,"column":5}},"type":"if","locations":[{"start":{"line":46,"column":4},"end":{"line":50,"column":5}}]},"5":{"loc":{"start":{"line":115,"column":6},"end":{"line":118,"column":40}},"type":"binary-expr","locations":[{"start":{"line":115,"column":6},"end":{"line":115,"column":42}},{"start":{"line":116,"column":6},"end":{"line":116,"column":42}},{"start":{"line":117,"column":6},"end":{"line":117,"column":38}},{"start":{"line":118,"column":6},"end":{"line":118,"column":40}}]}},"s":{"0":48,"1":46,"2":45,"3":44,"4":42,"5":42,"6":42,"7":42,"8":48,"9":2,"10":91,"11":91,"12":2,"13":44,"14":44,"15":44,"16":44,"17":44,"18":2,"19":47,"20":10,"21":8,"22":9,"23":9,"24":9,"25":1,"26":1,"27":1,"28":1,"29":4,"30":2,"31":2},"f":{"0":48,"1":48,"2":91,"3":44,"4":47,"5":10,"6":8,"7":9,"8":9,"9":1,"10":1,"11":1,"12":1,"13":4,"14":2},"b":{"0":[38],"1":[2],"2":[48,48,47],"3":[2],"4":[2],"5":[4,3,2,2]}}
,"/Users/kevendesousasilva/dev/cron-barber-api/src/domain/common/value-objects/time-slot.vo.ts": {"path":"/Users/kevendesousasilva/dev/cron-barber-api/src/domain/common/value-objects/time-slot.vo.ts","statementMap":{"0":{"start":{"line":6,"column":4},"end":{"line":6,"column":46}},"1":{"start":{"line":7,"column":4},"end":{"line":7,"column":32}},"2":{"start":{"line":8,"column":4},"end":{"line":8,"column":28}},"3":{"start":{"line":12,"column":4},"end":{"line":14,"column":5}},"4":{"start":{"line":13,"column":6},"end":{"line":13,"column":66}},"5":{"start":{"line":16,"column":4},"end":{"line":18,"column":5}},"6":{"start":{"line":17,"column":6},"end":{"line":17,"column":61}},"7":{"start":{"line":20,"column":4},"end":{"line":24,"column":5}},"8":{"start":{"line":21,"column":6},"end":{"line":23,"column":8}},"9":{"start":{"line":28,"column":4},"end":{"line":28,"column":37}},"10":{"start":{"line":32,"column":4},"end":{"line":32,"column":35}},"11":{"start":{"line":36,"column":4},"end":{"line":38,"column":6}},"12":{"start":{"line":42,"column":4},"end":{"line":45,"column":6}},"13":{"start":{"line":49,"column":4},"end":{"line":49,"column":59}},"14":{"start":{"line":53,"column":4},"end":{"line":56,"column":6}},"15":{"start":{"line":60,"column":4},"end":{"line":64,"column":20}},"16":{"start":{"line":72,"column":31},"end":{"line":72,"column":58}},"17":{"start":{"line":74,"column":37},"end":{"line":74,"column":75}},"18":{"start":{"line":75,"column":22},"end":{"line":76,"column":null}},"19":{"start":{"line":79,"column":33},"end":{"line":79,"column":69}},"20":{"start":{"line":80,"column":20},"end":{"line":81,"column":null}},"21":{"start":{"line":84,"column":4},"end":{"line":84,"column":44}},"22":{"start":{"line":88,"column":4},"end":{"line":91,"column":6}},"23":{"start":{"line":99,"column":4},"end":{"line":103,"column":6}},"24":{"start":{"line":1,"column":0},"end":{"line":1,"column":13}}},"fnMap":{"0":{"name":"(anonymous_0)","decl":{"start":{"line":5,"column":2},"end":{"line":5,"column":14}},"loc":{"start":{"line":5,"column":44},"end":{"line":9,"column":3}}},"1":{"name":"(anonymous_1)","decl":{"start":{"line":11,"column":10},"end":{"line":11,"column":26}},"loc":{"start":{"line":11,"column":57},"end":{"line":25,"column":3}}},"2":{"name":"(anonymous_2)","decl":{"start":{"line":27,"column":2},"end":{"line":27,"column":13}},"loc":{"start":{"line":27,"column":22},"end":{"line":29,"column":3}}},"3":{"name":"(anonymous_3)","decl":{"start":{"line":31,"column":2},"end":{"line":31,"column":13}},"loc":{"start":{"line":31,"column":20},"end":{"line":33,"column":3}}},"4":{"name":"(anonymous_4)","decl":{"start":{"line":35,"column":2},"end":{"line":35,"column":13}},"loc":{"start":{"line":35,"column":28},"end":{"line":39,"column":3}}},"5":{"name":"(anonymous_5)","decl":{"start":{"line":41,"column":9},"end":{"line":41,"column":17}},"loc":{"start":{"line":41,"column":33},"end":{"line":46,"column":3}}},"6":{"name":"(anonymous_6)","decl":{"start":{"line":48,"column":9},"end":{"line":48,"column":17}},"loc":{"start":{"line":48,"column":28},"end":{"line":50,"column":3}}},"7":{"name":"(anonymous_7)","decl":{"start":{"line":52,"column":9},"end":{"line":52,"column":15}},"loc":{"start":{"line":52,"column":40},"end":{"line":57,"column":3}}},"8":{"name":"(anonymous_8)","decl":{"start":{"line":59,"column":10},"end":{"line":59,"column":30}},"loc":{"start":{"line":59,"column":59},"end":{"line":65,"column":3}}},"9":{"name":"(anonymous_9)","decl":{"start":{"line":67,"column":9},"end":{"line":67,"column":15}},"loc":{"start":{"line":70,"column":25},"end":{"line":85,"column":3}}},"10":{"name":"(anonymous_10)","decl":{"start":{"line":87,"column":9},"end":{"line":87,"column":15}},"loc":{"start":{"line":87,"column":31},"end":{"line":92,"column":3}}},"11":{"name":"(anonymous_11)","decl":{"start":{"line":94,"column":9},"end":{"line":94,"column":15}},"loc":{"start":{"line":94,"column":15},"end":{"line":104,"column":3}}}},"branchMap":{"0":{"loc":{"start":{"line":12,"column":4},"end":{"line":14,"column":5}},"type":"if","locations":[{"start":{"line":12,"column":4},"end":{"line":14,"column":5}}]},"1":{"loc":{"start":{"line":12,"column":8},"end":{"line":12,"column":66}},"type":"binary-expr","locations":[{"start":{"line":12,"column":8},"end":{"line":12,"column":36}},{"start":{"line":12,"column":40},"end":{"line":12,"column":66}}]},"2":{"loc":{"start":{"line":16,"column":4},"end":{"line":18,"column":5}},"type":"if","locations":[{"start":{"line":16,"column":4},"end":{"line":18,"column":5}}]},"3":{"loc":{"start":{"line":16,"column":8},"end":{"line":16,"column":62}},"type":"binary-expr","locations":[{"start":{"line":16,"column":8},"end":{"line":16,"column":34}},{"start":{"line":16,"column":38},"end":{"line":16,"column":62}}]},"4":{"loc":{"start":{"line":20,"column":4},"end":{"line":24,"column":5}},"type":"if","locations":[{"start":{"line":20,"column":4},"end":{"line":24,
[...]
,"/Users/kevendesousasilva/dev/cron-barber-api/src/presentation/http/controllers/public.controller.ts": {"path":"/Users/kevendesousasilva/dev/cron-barber-api/src/presentation/http/controllers/public.controller.ts","statementMap":{"0":{"start":{"line":1,"column":0},"end":{"line":1,"column":33}},"1":{"start":{"line":2,"column":0},"end":{"line":2,"column":37}},"2":{"start":{"line":3,"column":0},"end":{"line":3,"column":112}},"3":{"start":{"line":4,"column":0},"end":{"line":4,"column":107}},"4":{"start":{"line":7,"column":17},"end":{"line":9,"column":4}},"5":{"start":{"line":12,"column":2},"end":{"line":36,"column":5}},"6":{"start":{"line":13,"column":4},"end":{"line":35,"column":5}},"7":{"start":{"line":14,"column":23},"end":{"line":14,"column":33}},"8":{"start":{"line":15,"column":34},"end":{"line":15,"column":43}},"9":{"start":{"line":17,"column":6},"end":{"line":21,"column":7}},"10":{"start":{"line":18,"column":8},"end":{"line":18,"column":25}},"11":{"start":{"line":19,"column":8},"end":{"line":19,"column":70}},"12":{"start":{"line":20,"column":8},"end":{"line":20,"column":15}},"13":{"start":{"line":23,"column":22},"end":{"line":23,"column":65}},"14":{"start":{"line":24,"column":21},"end":{"line":28,"column":8}},"15":{"start":{"line":30,"column":6},"end":{"line":30,"column":24}},"16":{"start":{"line":32,"column":6},"end":{"line":32,"column":64}},"17":{"start":{"line":33,"column":6},"end":{"line":33,"column":72}},"18":{"start":{"line":34,"column":6},"end":{"line":34,"column":42}},"19":{"start":{"line":39,"column":2},"end":{"line":79,"column":5}},"20":{"start":{"line":40,"column":4},"end":{"line":78,"column":5}},"21":{"start":{"line":41,"column":23},"end":{"line":41,"column":33}},"22":{"start":{"line":42,"column":67},"end":{"line":43,"column":null}},"23":{"start":{"line":51,"column":6},"end":{"line":55,"column":7}},"24":{"start":{"line":52,"column":8},"end":{"line":52,"column":25}},"25":{"start":{"line":53,"column":8},"end":{"line":53,"column":67}},"26":{"start":{"line":54,"column":8},"end":{"line":54,"column":15}},"27":{"start":{"line":60,"column":27},"end":{"line":60,"column":28}},"28":{"start":{"line":62,"column":22},"end":{"line":62,"column":65}},"29":{"start":{"line":63,"column":21},"end":{"line":70,"column":8}},"30":{"start":{"line":72,"column":6},"end":{"line":72,"column":23}},"31":{"start":{"line":73,"column":6},"end":{"line":73,"column":24}},"32":{"start":{"line":75,"column":6},"end":{"line":75,"column":57}},"33":{"start":{"line":76,"column":6},"end":{"line":76,"column":23}},"34":{"start":{"line":77,"column":6},"end":{"line":77,"column":42}},"35":{"start":{"line":82,"column":2},"end":{"line":97,"column":5}},"36":{"start":{"line":83,"column":4},"end":{"line":96,"column":5}},"37":{"start":{"line":84,"column":24},"end":{"line":84,"column":34}},"38":{"start":{"line":88,"column":6},"end":{"line":91,"column":8}},"39":{"start":{"line":93,"column":6},"end":{"line":93,"column":60}},"40":{"start":{"line":94,"column":6},"end":{"line":94,"column":23}},"41":{"start":{"line":95,"column":6},"end":{"line":95,"column":42}},"42":{"start":{"line":99,"column":2},"end":{"line":99,"column":16}},"43":{"start":{"line":6,"column":0},"end":{"line":6,"column":16}}},"fnMap":{"0":{"name":"createPublicController","decl":{"start":{"line":6,"column":16},"end":{"line":6,"column":38}},"loc":{"start":{"line":6,"column":38},"end":{"line":100,"column":1}}},"1":{"name":"(anonymous_2)","decl":{"start":{"line":12,"column":36},"end":{"line":12,"column":41}},"loc":{"start":{"line":12,"column":50},"end":{"line":36,"column":3}}},"2":{"name":"(anonymous_3)","decl":{"start":{"line":39,"column":37},"end":{"line":39,"column":42}},"loc":{"start":{"line":39,"column":51},"end":{"line":79,"column":3}}},"3":{"name":"(anonymous_4)","decl":{"start":{"line":82,"column":37},"end":{"line":82,"column":42}},"loc":{"start":{"line":82,"column":51},"end":{"line":97,"column":3}}}},"branchMap":{"0":{"loc":{"start":{"line":17,"column":6},"end":{"line":21,"column":7}},"type":"if","locations":[{"start":{"line":17,"column":6},"end":{"line":21,"column":7}}]},"1":{"loc":{"start":{"line":17,"column":10},"end":{"line":17,"column":29}},"type":"binary-expr","locations":[{"start":{"line":17,"column":10},"end":{"line":17,"column":15}},{"start":{"line":17,"column":19},"end":{"line":17,"column":29}}]},"2":{"loc":{"start":{"line":33,"column":19},"end":{"line":33,"column":71}},"type":"cond-expr","locations":[{"start":{"line":33,"column":62},"end":{"line":33,"column":65}},{"start":{"line":33,"column":68},"end":{"line":33,"column":71}}]},"3":{"loc":{"start":{"line":51,"column":6},"end":{"line":55,"column":7}},"type":"if","locations":[{"start":{"line":51,"column":6},"end":{"line":55,"column":7}}]},"4":{"loc":{"start":{"line":51,"column":10},"end":{"line":51,"column":61}},"type":"binary-expr","locations":[{"start":{"line":51,"column":10},"end":{"line":51,"column":20}},{"start":{"line":51,"column":24},"end":{"line":51,"column":35}},{"start":{"line":51,"column":39},"end":{"line":51,"column":49}},{"start":{"line":51,"column":53},"end":{"line":51,"column":61}}]}},"s":{"0":0,"1":0,"2":0,"3":0,"4":0,"5":0,"6":0,"7":0,"8":0,"9":0,"10":0,"11":0,"12":0,"13":0,"14":0,"15":0,"16":0,"17":0,"18":0,"19":0,"20":0,"21":0,"22":0,"23":0,"24":0,"25":0,"26":0,"27":0,"28":0,"29":0,"30":0,"31":0,"32":0,"33":0,"34":0,"35":0,"36":0,"37":0,"38":0,"39":0,"40":0,"41":0,"42":0,"43":0},"f":{"0":0,"1":0,"2":0,"3":0},"b":{"0":[0],"1":[0,0],"2":[0,0],"3":[0],"4":[0,0,0,0]}}
,"/Users/kevendesousasilva/dev/cron-barber-api/src/presentation/http/controllers/subscription.controller.ts": {"path":"/Users/kevendesousasilva/dev/cron-barber-api/src/presentation/http/controllers/subscription.controller.ts","statementMap":{"0":{"start":{"line":1,"column":0},"end":{"line":1,"column":33}},"1":{"start":{"line":2,"column":0},"end":{"line":2,"column":37}},"2":{"start":{"line":4,"column":0},"end":{"line":4,"column":37}},"3":{"start":{"line":25,"column":6},"end":{"line":25,"column":15}},"4":{"start":{"line":29,"column":18},"end":{"line":29,"column":49}},"5":{"start":{"line":32,"column":22},"end":{"line":32,"column":32}},"6":{"start":{"line":33,"column":4},"end":{"line":33,"column":50}},"7":{"start":{"line":36,"column":4},"end":{"line":36,"column":59}},"8":{"start":{"line":38,"column":4},"end":{"line":38,"column":17}},"9":{"start":{"line":44,"column":22},"end":{"line":44,"column":44}},"10":{"start":{"line":47,"column":4},"end":{"line":49,"column":5}},"11":{"start":{"line":48,"column":6},"end":{"line":48,"column":18}},"12":{"start":{"line":52,"column":4},"end":{"line":52,"column":30}},"13":{"start":{"line":54,"column":4},"end":{"line":57,"column":6}},"14":{"start":{"line":62,"column":0},"end":{"line":65,"column":2}},"15":{"start":{"line":68,"column":17},"end":{"line":70,"column":4}},"16":{"start":{"line":73,"column":2},"end":{"line":111,"column":5}},"17":{"start":{"line":74,"column":4},"end":{"line":110,"column":5}},"18":{"start":{"line":75,"column":56},"end":{"line":75,"column":null}},"19":{"start":{"line":82,"column":6},"end":{"line":86,"column":7}},"20":{"start":{"line":83,"column":8},"end":{"line":83,"column":25}},"21":{"start":{"line":84,"column":8},"end":{"line":84,"column":55}},"22":{"start":{"line":85,"column":8},"end":{"line":85,"column":15}},"23":{"start":{"line":89,"column":8},"end":{"line":89,"column":59}},"24":{"start":{"line":92,"column":23},"end":{"line":95,"column":8}},"25":{"start":{"line":97,"column":23},"end":{"line":103,"column":8}},"26":{"start":{"line":105,"column":6},"end":{"line":105,"column":26}},"27":{"start":{"line":107,"column":6},"end":{"line":107,"column":54}},"28":{"start":{"line":108,"column":6},"end":{"line":108,"column":23}},"29":{"start":{"line":109,"column":6},"end":{"line":109,"column":42}},"30":{"start":{"line":114,"column":2},"end":{"line":196,"column":5}},"31":{"start":{"line":115,"column":4},"end":{"line":195,"column":5}},"32":{"start":{"line":116,"column":24},"end":{"line":116,"column":65}},"33":{"start":{"line":117,"column":6},"end":{"line":121,"column":7}},"34":{"start":{"line":118,"column":8},"end":{"line":118,"column":25}},"35":{"start":{"line":119,"column":8},"end":{"line":119,"column":68}},"36":{"start":{"line":120,"column":8},"end":{"line":120,"column":15}},"37":{"start":{"line":124,"column":8},"end":{"line":124,"column":59}},"38":{"start":{"line":125,"column":27},"end":{"line":125,"column":74}},"39":{"start":{"line":127,"column":8},"end":{"line":127,"column":67}},"40":{"start":{"line":130,"column":22},"end":{"line":130,"column":38}},"41":{"start":{"line":133,"column":21},"end":{"line":135,"column":null}},"42":{"start":{"line":139,"column":6},"end":{"line":187,"column":7}},"43":{"start":{"line":140,"column":44},"end":{"line":140,"column":55}},"44":{"start":{"line":143,"column":8},"end":{"line":166,"column":9}},"45":{"start":{"line":145,"column":30},"end":{"line":150,"column":null}},"46":{"start":{"line":154,"column":59},"end":{"line":159,"column":12}},"47":{"start":{"line":162,"column":10},"end":{"line":165,"column":12}},"48":{"start":{"line":167,"column":13},"end":{"line":187,"column":7}},"49":{"start":{"line":169,"column":34},"end":{"line":169,"column":45}},"50":{"start":{"line":172,"column":8},"end":{"line":176,"column":11}},"51":{"start":{"line":177,"column":13},"end":{"line":187,"column":7}},"52":{"start":{"line":179,"column":34},"end":{"line":179,"column":45}},"53":{"start":{"line":182,"column":8},"end":{"line":186,"column":11}},"54":{"start":{"line":189,"column":6},"end":{"line":189,"column":23}},"55":{"start":{"line":190,"column":6},"end":{"line":190,"column":36}},"56":{"start":{"line":192,"column":6},"end":{"line":192,"column":57}},"57":{"start":{"line":193,"column":6},"end":{"line":193,"column":23}},"58":{"start":{"line":194,"column":6},"end":{"line":194,"column":42}},"59":{"start":{"line":199,"column":2},"end":{"line":229,"column":5}},"60":{"start":{"line":200,"column":4},"end":{"line":228,"column":5}},"61":{"start":{"line":201,"column":24},"end":{"line":201,"column":33}},"62":{"start":{"line":203,"column":6},"end":{"line":207,"column":7}},"63":{"start":{"line":204,"column":8},"end":{"line":204,"column":25}},"64":{"start":{"line":205,"column":8},"end":{"line":205,"column":52}},"65":{"start":{"line":206,"column":8},"end":{"line":206,"column":15}},"66":{"start":{"line":210,"column":8},"end":{"line":210,"column":67}},"67":{"start":{"line":211,"column":21},"end":{"line":211,"column":76}},"68":{"start":{"line":213,"column":6},"end":{"line":217,"column":7}},"69":{"start":{"line":214,"column":8},"end":{"line":214,"column":25}},"70":{"start":{"line":215,"column":8},"end":{"line":215,"column":73}},"71":{"start":{"line":216,"column":8},"end":{"line":216,"column":15}},"72":{"start":{"line":219,"column":6},"end":{"line":223,"column":8}},"73":{"start":{"line":225,"column":6},"end":{"line":225,"column":53}},"74":{"start":{"line":226,"column":6},"end":{"line":226,"column":23}},"75":{"start":{"line":227,"column":6},"end":{"line":227,"column":42}},"76":{"start":{"line":231,"column":2},"end":{"line":231,"column":16}},"77":{"start":{"line":67,"column":0},"end":{"line":67,"column":16}}},"fnMap":{"0":{"name":"(anonymous_1)","decl":{"start":{"line":27,"column":2},"end":{"line":27,"column":7}},"loc":{"start":{"line":27,"column":48},"end":{"line":39,"column":3}}},"1":{"name":"(anonymous_2)","decl":{"start":{"line":41,"column":2},"end":{"line":41,"column":7}},"loc":{"start":{"line":42,"column":17},"end":{"line":58,"column":3}}},"2":{"name":"createSubscriptionController","decl":{"start":{"line":67,"column":16},"end":{"line":67,"column":44}},"loc":{"start":{"line":67,"column":44},"end":{"line":232,"column":1}}},"3":{"name":"(anonymous_4)","decl":{"start":{"line":73,"column":27},"end":{"line":73,"column":32}},"loc":{"start":{"line":73,"column":50},"end":{"line":111,"column":3}}},"4":{"name":"(anonymous_5)","decl":{"start":{"line":114,"column":26},"end":{"line":114,"column":31}},"loc":{"start":{"line":114,"column":49},"end":{"line":196,"column":3}}},"5":{"name":"(anonymous_6)","decl":{"start":{"line":199,"column":33},"end":{"line":199,"column":38}},"loc":{"start":{"line":199,"column":56},"end":{"line":229,"column":3}}}},"branchMap":{"0":{"loc":{"start":{"line":47,"column":4},"end":{"line":49,"column":5}},"type":"if","locations":[{"start":{"line":47,"column":4},"end":{"line":49,"column":5}}]},"1":{"loc":{"start":{"line":47,"column":8},"end":{"line":47,"column":54}},"type":"binary-expr","locations":[{"start":{"line":47,"column":8},"end":{"line":47,"column":18}},{"start":{"line":47,"column":22},"end":{"line":47,"column":54}}]},"2":{"loc":{"start":{"line":82,"column":6},"end":{"line":86,"column":7}},"type":"if","locations":[{"start":{"line":82,"column":6},"end":{"line":86,"column":7}}]},"3":{"loc":{"start":{"line":82,"column":10},"end":{"line":82,"column":57}},"type":"binary-expr","locations":[{"start":{"line":82,"column":10},"end":{"line":82,"column":16}},{"start":{"line":82,"column":20},"end":{"line":82,"column":28}},{"start":{"line":82,"column":32},"end":{"line":82,"column":43}},{"start":{"line":82,"column":47},"end":{"line":82,"column":57}}]},"4":{"loc":{"start":{"line":117,"column":6},"end":{"line":121,"column":7}},"type":"if","locations":[{"start":{"line":117,"column":6},"end":{"line":121,"column":7}}]},"5":{"loc":{"start":{"line":139,"column":6},"end":{"line":187,"column":7}},"type":"if","locations":[{"start":{"line":139,"column":6},"end":{"line":187,"column":7}},{"start":{"line":167,"column":13},"end":{"line":187,"column":7}}]},"6":{"loc":{"start":{"line":143,"column":8},"end":{"line":166,"column":9}},"type":"if","locations":[{"start":{"line":143,"column":8},"end":{"line":166,"column":9}}]},"7":{"loc":{"start":{"line":143,"column":12},"end":{"line":143,"column":55}},"type":"binary-expr","locations":[{"start":{"line":143,"column":12},"end":{"line":143,"column":20}},{"start":{"line":143,"column":24},"end":{"line":143,"column":55}}]},"8":{"loc":{"start":{"line":156,"column":26},"end":{"line":156,"column":72}},"type":"binary-expr","locations":[{"start":{"line":156,"column":26},"end":{"line":156,"column":45}},{"start":{"line":156,"column":49},"end":{"line":156,"column":72}}]},"9":{"loc":{"start":{"line":167,"column":13},"end":{"line":187,"column":7}},"type":"if","locations":[{"start":{"line":167,"column":13},"end":{"line":187,"column":7}},{"start":{"line":177,"column":13},"end":{"line":187,"column":7}}]},"10":{"loc":{"start":{"line":177,"column":13},"end":{"line":187,"column":7}},"type":"if","locations":[{"start":{"line":177,"column":13},"end":{"line":187,"column":7}}]},"11":{"loc":{"start":{"line":185,"column":31},"end":{"line":185,"column":77}},"type":"binary-expr","locations":[{"start":{"line":185,"column":31},"end":{"line":185,"column":50}},{"start":{"line":185,"column":54},"end":{"line":185,"column":77}}]},"12":{"loc":{"start":{"line":203,"column":6},"end":{"line":207,"column":7}},"type":"if","locations":[{"start":{"line":203,"column":6},"end":{"line":207,"column":7}}]},"13":{"loc":{"start":{"line":213,"column":6},"end":{"line":217,"column":7}},"type":"if","locations":[{"start":{"line":213,"column":6},"end":{"line":217,"column":7}}]}},"s":{"0":0,"1":0,"2":0,"3":0,"4":0,"5":0,"6":0,"7":0,"8":0,"9":0,"10":0,"11":0,"12":0,"13":0,"14":0,"15":0,"16":0,"17":0,"18":0,"19":0,"20":0,"21":0,"22":0,"23":0,"24":0,"25":0,"26":0,"27":0,"28":0,"29":0,"30":0,"31":0,"32":0,"33":0,"34":0,"35":0,"36":0,"37":0,"38":0,"39":0,"40":0,"41":0,"42":0,"43":0,"44":0,"45":0,"46":0,"47":0,"48":0,"49":0,"50":0,"51":0,"52":0,"53":0,"54":0,"55":0,"56":0,"57":0,"58":0,"59":0,"60":0,"61":0,"62":0,"63":0,"64":0,"65":0,"66":0,"67":0,"68":0,"69":0,"70":0,"71":0,"72":0,"73":0,"74":0,"75":0,"76":0,"77":0},"f":{"0":0,"1":0,"2":0,"3":0,"4":0,"5":0},"b":{"0":[0],"1":[0,0],"2":[0],"3":[0,0,0,0],"4":[0],"5":[0,0],"6":[0],"7":[0,0],"8":[0,0],"9":[0,0],"10":[0],"11":[0,0],"12":[0],"13":[0]}}
,"/Users/kevendesousasilva/dev/cron-barber-api/src/presentation/http/middlewares/auth.middleware.ts": {"path":"/Users/kevendesousasilva/dev/cron-barber-api/src/presentation/http/middlewares/auth.middleware.ts","statementMap":{"0":{"start":{"line":2,"column":0},"end":{"line":2,"column":37}},"1":{"start":{"line":6,"column":2},"end":{"line":32,"column":3}},"2":{"start":{"line":7,"column":23},"end":{"line":7,"column":48}},"3":{"start":{"line":9,"column":4},"end":{"line":13,"column":5}},"4":{"start":{"line":10,"column":6},"end":{"line":10,"column":23}},"5":{"start":{"line":11,"column":6},"end":{"line":11,"column":54}},"6":{"start":{"line":12,"column":6},"end":{"line":12,"column":13}},"7":{"start":{"line":15,"column":18},"end":{"line":15,"column":41}},"8":{"start":{"line":16,"column":24},"end":{"line":16,"column":69}},"9":{"start":{"line":18,"column":4},"end":{"line":28,"column":5}},"10":{"start":{"line":19,"column":19},"end":{"line":19,"column":57}},"11":{"start":{"line":22,"column":6},"end":{"line":22,"column":28}},"12":{"start":{"line":24,"column":6},"end":{"line":24,"column":19}},"13":{"start":{"line":26,"column":6},"end":{"line":26,"column":23}},"14":{"start":{"line":27,"column":6},"end":{"line":27,"column":55}},"15":{"start":{"line":30,"column":4},"end":{"line":30,"column":21}},"16":{"start":{"line":31,"column":4},"end":{"line":31,"column":50}},"17":{"start":{"line":5,"column":0},"end":{"line":5,"column":7}}},"fnMap":{"0":{"name":"authMiddleware","decl":{"start":{"line":5,"column":22},"end":{"line":5,"column":36}},"loc":{"start":{"line":5,"column":61},"end":{"line":33,"column":1}}}},"branchMap":{"0":{"loc":{"start":{"line":9,"column":4},"end":{"line":13,"column":5}},"type":"if","locations":[{"start":{"line":9,"column":4},"end":{"line":13,"column":5}}]},"1":{"loc":{"start":{"line":9,"column":8},"end":{"line":9,"column":56}},"type":"binary-expr","locations":[{"start":{"line":9,"column":8},"end":{"line":9,"column":19}},{"start":{"line":9,"column":23},"end":{"line":9,"column":56}}]}},"s":{"0":0,"1":0,"2":0,"3":0,"4":0,"5":0,"6":0,"7":0,"8":0,"9":0,"10":0,"11":0,"12":0,"13":0,"14":0,"15":0,"16":0,"17":0},"f":{"0":0},"b":{"0":[0],"1":[0,0]}}
,"/Users/kevendesousasilva/dev/cron-barber-api/src/types/index.d.ts": {"path":"/Users/kevendesousasilva/dev/cron-barber-api/src/types/index.d.ts","statementMap":{},"fnMap":{},"branchMap":{},"s":{},"f":{},"b":{}}
}
