TN:
SF:src/application/appointment/commands/create-appointment.command.ts
FN:26,(anonymous_4)
FN:37,(anonymous_5)
FN:50,(anonymous_6)
FNF:3
FNH:0
FNDA:0,(anonymous_4)
FNDA:0,(anonymous_5)
FNDA:0,(anonymous_6)
DA:1,0
DA:2,0
DA:3,0
DA:6,0
DA:25,0
DA:28,0
DA:31,0
DA:34,0
DA:41,0
DA:44,0
DA:45,0
DA:46,0
DA:50,0
DA:51,0
DA:52,0
DA:55,0
DA:56,0
DA:59,0
DA:65,0
DA:66,0
DA:70,0
DA:81,0
DA:84,0
DA:96,0
LF:24
LH:0
BRDA:45,0,0,0
BRDA:51,1,0,0
BRDA:51,2,0,0
BRDA:51,2,1,0
BRDA:65,3,0,0
BRF:5
BRH:0
end_of_record
TN:
SF:src/application/auth/commands/sign-in.command.ts
FN:19,(anonymous_4)
FN:24,(anonymous_5)
FNF:2
FNH:0
FNDA:0,(anonymous_4)
FNDA:0,(anonymous_5)
DA:1,0
DA:18,0
DA:21,0
DA:25,0
DA:28,0
DA:29,0
DA:32,0
DA:34,0
LF:8
LH:0
BRDA:28,0,0,0
BRDA:28,1,0,0
BRDA:28,1,1,0
BRDA:37,2,0,0
BRDA:37,2,1,0
BRDA:38,3,0,0
BRDA:38,3,1,0
BRF:7
BRH:0
end_of_record
TN:
SF:src/application/auth/commands/sign-up.command.ts
FN:21,(anonymous_4)
FN:26,(anonymous_5)
FNF:2
FNH:0
FNDA:0,(anonymous_4)
FNDA:0,(anonymous_5)
DA:1,0
DA:20,0
DA:23,0
DA:27,0
DA:30,0
DA:31,0
DA:34,0
DA:35,0
DA:38,0
DA:45,0
LF:10
LH:0
BRDA:30,0,0,0
BRDA:30,1,0,0
BRDA:30,1,1,0
BRDA:30,1,2,0
BRDA:30,1,3,0
BRDA:34,2,0,0
BRDA:48,3,0,0
BRDA:48,3,1,0
BRDA:49,4,0,0
BRDA:49,4,1,0
BRF:10
BRH:0
end_of_record
TN:
SF:src/application/notification/event-handlers/appointment-created.handler.ts
FN:15,(anonymous_4)
FN:26,(anonymous_5)
FN:49,(anonymous_6)
FN:116,(anonymous_7)
FN:125,(anonymous_8)
FNF:5
FNH:0
FNDA:0,(anonymous_4)
FNDA:0,(anonymous_5)
FNDA:0,(anonymous_6)
FNDA:0,(anonymous_7)
FNDA:0,(anonymous_8)
DA:1,0
DA:5,0
DA:12,0
DA:17,0
DA:20,0
DA:23,0
DA:27,0
DA:29,0
DA:32,0
DA:33,0
DA:39,0
DA:42,0
DA:43,0
DA:49,0
DA:50,0
DA:51,0
DA:56,0
DA:63,0
DA:67,0
DA:71,0
DA:74,0
DA:92,0
DA:97,0
DA:112,0
DA:117,0
DA:126,0
LF:26
LH:0
BRDA:32,0,0,0
BRDA:42,1,0,0
BRDA:50,2,0,0
BRF:3
BRH:0
end_of_record
TN:
SF:src/application/schedule/queries/get-available-slots.query.ts
FN:24,(anonymous_4)
FN:32,(anonymous_5)
FN:44,(anonymous_6)
FN:55,(anonymous_7)
FN:87,(anonymous_8)
FN:95,(anonymous_9)
FN:135,(anonymous_10)
FN:141,(anonymous_11)
FN:143,(anonymous_12)
FN:151,(anonymous_13)
FN:158,(anonymous_14)
FN:165,(anonymous_15)
FNF:12
FNH:0
FNDA:0,(anonymous_4)
FNDA:0,(anonymous_5)
FNDA:0,(anonymous_6)
FNDA:0,(anonymous_7)
FNDA:0,(anonymous_8)
FNDA:0,(anonymous_9)
FNDA:0,(anonymous_10)
FNDA:0,(anonymous_11)
FNDA:0,(anonymous_12)
FNDA:0,(anonymous_13)
FNDA:0,(anonymous_14)
FNDA:0,(anonymous_15)
DA:1,0
DA:6,0
DA:23,0
DA:26,0
DA:29,0
DA:35,0
DA:38,0
DA:39,0
DA:40,0
DA:44,0
DA:45,0
DA:46,0
DA:50,0
DA:51,0
DA:54,0
DA:55,0
DA:58,0
DA:59,0
DA:63,0
DA:72,0
DA:79,0
DA:86,0
DA:87,0
DA:101,0
DA:102,0
DA:105,0
DA:107,0
DA:108,0
DA:109,0
DA:111,0
DA:114,0
DA:117,0
DA:118,0
DA:122,0
DA:123,0
DA:126,0
DA:129,0
DA:132,0
DA:141,0
DA:143,0
DA:144,0
DA:147,0
DA:152,0
DA:153,0
DA:154,0
DA:155,0
DA:159,0
DA:160,0
DA:161,0
DA:162,0
DA:166,0
DA:167,0
LF:52
LH:0
BRDA:39,0,0,0
BRDA:45,1,0,0
BRDA:45,2,0,0
BRDA:45,2,1,0
BRDA:55,3,0,0
BRDA:55,3,1,0
BRDA:58,4,0,0
BRDA:122,5,0,0
BRF:8
BRH:0
end_of_record
TN:
SF:src/common/helper.ts
FN:1,not
FN:5,isNull
FN:9,isNotNull
FNF:3
FNH:0
FNDA:0,not
FNDA:0,isNull
FNDA:0,isNotNull
DA:1,0
DA:2,0
DA:5,0
DA:6,0
DA:9,0
DA:10,0
LF:6
LH:0
BRDA:6,0,0,0
BRDA:6,0,1,0
BRF:2
BRH:0
end_of_record
TN:
SF:src/domain/appointment/entities/appointment.entity.ts
FN:3,(anonymous_0)
FN:23,(anonymous_1)
FN:51,(anonymous_2)
FN:71,(anonymous_3)
FN:79,(anonymous_4)
FN:83,(anonymous_5)
FN:87,(anonymous_6)
FN:91,(anonymous_7)
FN:95,(anonymous_8)
FN:99,(anonymous_9)
FN:103,(anonymous_10)
FN:107,(anonymous_11)
FN:112,(anonymous_12)
FN:116,(anonymous_13)
FN:120,(anonymous_14)
FN:124,(anonymous_15)
FN:128,(anonymous_16)
FN:132,(anonymous_17)
FN:136,(anonymous_18)
FN:140,(anonymous_19)
FN:154,(anonymous_20)
FN:167,(anonymous_21)
FN:184,(anonymous_22)
FN:188,(anonymous_23)
FN:196,(anonymous_24)
FNF:25
FNH:25
FNDA:1,(anonymous_0)
FNDA:28,(anonymous_1)
FNDA:28,(anonymous_2)
FNDA:24,(anonymous_3)
FNDA:2,(anonymous_4)
FNDA:1,(anonymous_5)
FNDA:1,(anonymous_6)
FNDA:3,(anonymous_7)
FNDA:6,(anonymous_8)
FNDA:4,(anonymous_9)
FNDA:3,(anonymous_10)
FNDA:1,(anonymous_11)
FNDA:1,(anonymous_12)
FNDA:1,(anonymous_13)
FNDA:1,(anonymous_14)
FNDA:2,(anonymous_15)
FNDA:2,(anonymous_16)
FNDA:6,(anonymous_17)
FNDA:2,(anonymous_18)
FNDA:4,(anonymous_19)
FNDA:3,(anonymous_20)
FNDA:3,(anonymous_21)
FNDA:4,(anonymous_22)
FNDA:3,(anonymous_23)
FNDA:1,(anonymous_24)
DA:1,1
DA:3,1
DA:4,1
DA:5,1
DA:6,1
DA:7,1
DA:10,1
DA:37,28
DA:38,25
DA:39,25
DA:40,25
DA:41,25
DA:42,25
DA:43,25
DA:44,25
DA:45,25
DA:46,25
DA:47,25
DA:48,25
DA:58,28
DA:59,1
DA:62,27
DA:63,1
DA:66,26
DA:67,1
DA:73,24
DA:80,2
DA:84,1
DA:88,1
DA:92,3
DA:96,6
DA:100,4
DA:104,3
DA:108,1
DA:109,1
DA:113,1
DA:117,1
DA:121,1
DA:125,2
DA:129,2
DA:133,6
DA:137,2
DA:141,4
DA:142,1
DA:145,3
DA:146,1
DA:149,2
DA:150,2
DA:151,2
DA:155,3
DA:156,1
DA:159,2
DA:160,1
DA:163,1
DA:164,1
DA:168,3
DA:169,1
DA:174,2
DA:175,1
DA:180,1
DA:181,1
DA:185,4
DA:189,3
DA:190,1
DA:193,2
DA:197,1
LF:66
LH:66
BRDA:3,0,0,1
BRDA:3,0,1,1
BRDA:40,1,0,25
BRDA:40,1,1,15
BRDA:46,2,0,25
BRDA:46,2,1,24
BRDA:47,3,0,25
BRDA:47,3,1,24
BRDA:48,4,0,25
BRDA:48,4,1,24
BRDA:58,5,0,1
BRDA:62,6,0,1
BRDA:66,7,0,1
BRDA:141,8,0,1
BRDA:145,9,0,1
BRDA:155,10,0,1
BRDA:159,11,0,1
BRDA:168,12,0,1
BRDA:174,13,0,1
BRDA:189,14,0,1
BRF:20
BRH:20
end_of_record
TN:
SF:src/domain/appointment/events/appointment-canceled.event.ts
FN:2,(anonymous_0)
FNF:1
FNH:0
FNDA:0,(anonymous_0)
DA:1,0
DA:3,0
DA:4,0
DA:5,0
DA:6,0
DA:7,0
DA:8,0
LF:7
LH:0
BRF:0
BRH:0
end_of_record
TN:
SF:src/domain/appointment/events/appointment-created.event.ts
FN:2,(anonymous_0)
FNF:1
FNH:0
FNDA:0,(anonymous_0)
DA:1,0
DA:3,0
DA:4,0
DA:5,0
DA:6,0
DA:7,0
DA:8,0
LF:7
LH:0
BRF:0
BRH:0
end_of_record
TN:
SF:src/domain/barbershop/entities/barbershop.entity.ts
FN:18,(anonymous_0)
FN:47,(anonymous_1)
FN:71,(anonymous_2)
FN:75,(anonymous_3)
FN:79,(anonymous_4)
FN:87,(anonymous_5)
FN:91,(anonymous_6)
FN:106,(anonymous_7)
FN:110,(anonymous_8)
FN:115,(anonymous_9)
FN:119,(anonymous_10)
FN:124,(anonymous_11)
FN:128,(anonymous_12)
FN:133,(anonymous_13)
FN:137,(anonymous_14)
FN:141,(anonymous_15)
FN:152,(anonymous_16)
FN:156,(anonymous_17)
FN:160,(anonymous_18)
FN:164,(anonymous_19)
FN:168,(anonymous_20)
FN:175,(anonymous_21)
FN:177,(anonymous_22)
FN:181,(anonymous_23)
FN:184,(anonymous_24)
FN:196,(anonymous_25)
FN:198,(anonymous_26)
FN:202,(anonymous_27)
FN:205,(anonymous_28)
FN:228,(anonymous_29)
FN:240,(anonymous_30)
FN:241,(anonymous_31)
FNF:32
FNH:32
FNDA:26,(anonymous_0)
FNDA:26,(anonymous_1)
FNDA:2,(anonymous_2)
FNDA:2,(anonymous_3)
FNDA:2,(anonymous_4)
FNDA:2,(anonymous_5)
FNDA:2,(anonymous_6)
FNDA:2,(anonymous_7)
FNDA:1,(anonymous_8)
FNDA:2,(anonymous_9)
FNDA:1,(anonymous_10)
FNDA:2,(anonymous_11)
FNDA:1,(anonymous_12)
FNDA:1,(anonymous_13)
FNDA:3,(anonymous_14)
FNDA:2,(anonymous_15)
FNDA:2,(anonymous_16)
FNDA:8,(anonymous_17)
FNDA:8,(anonymous_18)
FNDA:12,(anonymous_19)
FNDA:4,(anonymous_20)
FNDA:1,(anonymous_21)
FNDA:2,(anonymous_22)
FNDA:17,(anonymous_23)
FNDA:14,(anonymous_24)
FNDA:1,(anonymous_25)
FNDA:2,(anonymous_26)
FNDA:5,(anonymous_27)
FNDA:9,(anonymous_28)
FNDA:1,(anonymous_29)
FNDA:1,(anonymous_30)
FNDA:1,(anonymous_31)
DA:4,1
DA:32,26
DA:33,22
DA:34,22
DA:35,22
DA:36,22
DA:37,22
DA:38,22
DA:39,22
DA:40,22
DA:41,22
DA:42,22
DA:43,22
DA:44,22
DA:52,26
DA:53,1
DA:56,25
DA:57,1
DA:60,24
DA:61,1
DA:66,23
DA:67,1
DA:72,2
DA:76,2
DA:80,2
DA:81,1
DA:83,1
DA:84,1
DA:88,2
DA:92,2
DA:93,0
DA:96,2
DA:97,1
DA:102,1
DA:103,1
DA:107,2
DA:111,1
DA:112,1
DA:116,2
DA:120,1
DA:121,1
DA:125,2
DA:129,1
DA:130,1
DA:134,1
DA:138,3
DA:143,2
DA:144,2
DA:145,1
DA:146,1
DA:148,1
DA:153,2
DA:157,8
DA:161,8
DA:165,12
DA:169,4
DA:170,1
DA:172,3
DA:176,1
DA:177,2
DA:183,17
DA:184,14
DA:187,17
DA:189,1
DA:192,16
DA:197,1
DA:198,2
DA:203,5
DA:204,5
DA:205,9
DA:208,5
DA:209,2
DA:212,3
DA:213,3
DA:214,3
DA:216,3
DA:219,3
DA:221,3
DA:222,3
DA:223,3
DA:225,3
DA:229,1
DA:240,1
DA:241,1
LF:84
LH:83
BRDA:40,0,0,22
BRDA:40,0,1,21
BRDA:41,1,0,22
BRDA:41,1,1,21
BRDA:42,2,0,22
BRDA:42,2,1,21
BRDA:43,3,0,22
BRDA:43,3,1,20
BRDA:44,4,0,22
BRDA:44,4,1,20
BRDA:52,5,0,1
BRDA:52,6,0,26
BRDA:52,6,1,26
BRDA:56,7,0,1
BRDA:56,8,0,25
BRDA:56,8,1,25
BRDA:60,9,0,1
BRDA:66,10,0,1
BRDA:80,11,0,1
BRDA:80,12,0,2
BRDA:80,12,1,2
BRDA:92,13,0,0
BRDA:92,14,0,2
BRDA:92,14,1,2
BRDA:96,15,0,1
BRDA:169,16,0,1
BRDA:187,17,0,1
BRDA:187,17,1,16
BRDA:205,18,0,9
BRDA:205,18,1,4
BRDA:208,19,0,2
BRDA:225,20,0,3
BRDA:225,20,1,2
BRF:33
BRH:32
end_of_record
TN:
SF:src/domain/barbershop/entities/service.entity.ts
FN:14,(anonymous_0)
FN:37,(anonymous_1)
FN:55,(anonymous_2)
FN:59,(anonymous_3)
FN:63,(anonymous_4)
FN:71,(anonymous_5)
FN:75,(anonymous_6)
FN:80,(anonymous_7)
FN:84,(anonymous_8)
FN:89,(anonymous_9)
FN:93,(anonymous_10)
FN:101,(anonymous_11)
FN:105,(anonymous_12)
FN:110,(anonymous_13)
FN:114,(anonymous_14)
FN:118,(anonymous_15)
FN:122,(anonymous_16)
FN:127,(anonymous_17)
FN:132,(anonymous_18)
FNF:19
FNH:19
FNDA:23,(anonymous_0)
FNDA:23,(anonymous_1)
FNDA:7,(anonymous_2)
FNDA:2,(anonymous_3)
FNDA:2,(anonymous_4)
FNDA:2,(anonymous_5)
FNDA:1,(anonymous_6)
FNDA:2,(anonymous_7)
FNDA:1,(anonymous_8)
FNDA:2,(anonymous_9)
FNDA:2,(anonymous_10)
FNDA:5,(anonymous_11)
FNDA:1,(anonymous_12)
FNDA:5,(anonymous_13)
FNDA:2,(anonymous_14)
FNDA:7,(anonymous_15)
FNDA:1,(anonymous_16)
FNDA:1,(anonymous_17)
FNDA:2,(anonymous_18)
DA:3,2
DA:25,23
DA:26,18
DA:27,18
DA:28,18
DA:29,18
DA:30,18
DA:31,18
DA:32,18
DA:33,18
DA:34,18
DA:42,23
DA:43,1
DA:46,22
DA:47,2
DA:50,20
DA:51,2
DA:56,7
DA:60,2
DA:64,2
DA:65,1
DA:67,1
DA:68,1
DA:72,2
DA:76,1
DA:77,1
DA:81,2
DA:85,1
DA:86,1
DA:90,2
DA:94,2
DA:95,1
DA:97,1
DA:98,1
DA:102,5
DA:106,1
DA:107,1
DA:111,5
DA:115,2
DA:119,7
DA:123,1
DA:124,1
DA:128,1
DA:129,1
DA:133,2
LF:45
LH:45
BRDA:31,0,0,18
BRDA:31,0,1,16
BRDA:33,1,0,18
BRDA:33,1,1,17
BRDA:34,2,0,18
BRDA:34,2,1,17
BRDA:42,3,0,1
BRDA:42,4,0,23
BRDA:42,4,1,23
BRDA:46,5,0,2
BRDA:50,6,0,2
BRDA:64,7,0,1
BRDA:64,8,0,2
BRDA:64,8,1,2
BRDA:94,9,0,1
BRF:15
BRH:15
end_of_record
TN:
SF:src/domain/common/value-objects/money.vo.ts
FN:5,(anonymous_0)
FN:11,(anonymous_1)
FN:21,(anonymous_2)
FN:25,(anonymous_3)
FN:29,(anonymous_4)
FN:34,(anonymous_5)
FN:45,(anonymous_6)
FN:57,(anonymous_7)
FN:65,(anonymous_8)
FN:69,(anonymous_9)
FN:76,(anonymous_10)
FNF:11
FNH:11
FNDA:37,(anonymous_0)
FNDA:37,(anonymous_1)
FNDA:8,(anonymous_2)
FNDA:5,(anonymous_3)
FNDA:2,(anonymous_4)
FNDA:3,(anonymous_5)
FNDA:3,(anonymous_6)
FNDA:5,(anonymous_7)
FNDA:3,(anonymous_8)
FNDA:4,(anonymous_9)
FNDA:3,(anonymous_10)
DA:1,3
DA:6,37
DA:7,35
DA:8,35
DA:12,37
DA:13,1
DA:16,36
DA:17,1
DA:22,8
DA:26,5
DA:30,2
DA:31,1
DA:35,3
DA:36,2
DA:38,2
DA:39,1
DA:42,1
DA:46,3
DA:47,1
DA:50,2
DA:51,1
DA:54,1
DA:58,5
DA:59,2
DA:66,3
DA:70,4
DA:77,3
LF:27
LH:27
BRDA:5,0,0,21
BRDA:12,1,0,1
BRDA:12,2,0,37
BRDA:12,2,1,37
BRDA:16,3,0,1
BRDA:38,4,0,1
BRDA:46,5,0,1
BRDA:46,6,0,3
BRDA:46,6,1,3
BRDA:50,7,0,1
BRDA:58,8,0,2
BRDA:66,9,0,3
BRDA:66,9,1,2
BRF:13
BRH:13
end_of_record
TN:
SF:src/domain/common/value-objects/schedule-rule.vo.ts
FN:7,(anonymous_0)
FN:24,(anonymous_1)
FN:32,(anonymous_2)
FN:39,(anonymous_3)
FN:53,(anonymous_4)
FN:57,(anonymous_5)
FN:61,(anonymous_6)
FN:65,(anonymous_7)
FN:69,(anonymous_8)
FN:82,(anonymous_9)
FN:86,(anonymous_10)
FN:95,(anonymous_11)
FN:104,(anonymous_12)
FN:113,(anonymous_13)
FN:122,(anonymous_14)
FNF:15
FNH:15
FNDA:48,(anonymous_0)
FNDA:48,(anonymous_1)
FNDA:91,(anonymous_2)
FNDA:44,(anonymous_3)
FNDA:47,(anonymous_4)
FNDA:10,(anonymous_5)
FNDA:8,(anonymous_6)
FNDA:9,(anonymous_7)
FNDA:9,(anonymous_8)
FNDA:1,(anonymous_9)
FNDA:1,(anonymous_10)
FNDA:1,(anonymous_11)
FNDA:1,(anonymous_12)
FNDA:4,(anonymous_13)
FNDA:2,(anonymous_14)
DA:1,2
DA:13,48
DA:14,46
DA:15,45
DA:16,44
DA:18,42
DA:19,42
DA:20,42
DA:21,42
DA:25,48
DA:26,2
DA:33,91
DA:34,91
DA:35,2
DA:40,44
DA:41,44
DA:43,44
DA:44,44
DA:46,44
DA:47,2
DA:54,47
DA:58,10
DA:62,8
DA:66,9
DA:70,9
DA:79,9
DA:83,1
DA:87,1
DA:96,1
DA:105,1
DA:114,4
DA:129,2
LF:32
LH:32
BRDA:11,0,0,38
BRDA:25,1,0,2
BRDA:25,2,0,48
BRDA:25,2,1,48
BRDA:25,2,2,47
BRDA:34,3,0,2
BRDA:46,4,0,2
BRDA:115,5,0,4
BRDA:115,5,1,3
BRDA:115,5,2,2
BRDA:115,5,3,2
BRF:11
BRH:11
end_of_record
TN:
SF:src/domain/common/value-objects/time-slot.vo.ts
FN:5,(anonymous_0)
FN:11,(anonymous_1)
FN:27,(anonymous_2)
FN:31,(anonymous_3)
FN:35,(anonymous_4)
FN:41,(anonymous_5)
FN:48,(anonymous_6)
FN:52,(anonymous_7)
FN:59,(anonymous_8)
FN:67,(anonymous_9)
FN:87,(anonymous_10)
FN:94,(anonymous_11)
FNF:12
FNH:11
FNDA:43,(anonymous_0)
FNDA:43,(anonymous_1)
FNDA:5,(anonymous_2)
FNDA:5,(anonymous_3)
FNDA:4,(anonymous_4)
FNDA:6,(anonymous_5)
FNDA:5,(anonymous_6)
FNDA:1,(anonymous_7)
FNDA:2,(anonymous_8)
FNDA:1,(anonymous_9)
FNDA:2,(anonymous_10)
FNDA:0,(anonymous_11)
DA:1,2
DA:6,43
DA:7,40
DA:8,40
DA:12,43
DA:13,0
DA:16,43
DA:17,2
DA:20,41
DA:21,1
DA:28,5
DA:32,5
DA:36,4
DA:42,6
DA:49,5
DA:53,1
DA:60,2
DA:72,1
DA:74,1
DA:75,1
DA:79,1
DA:80,1
DA:84,1
DA:88,2
DA:99,0
LF:25
LH:23
BRDA:12,0,0,0
BRDA:12,1,0,43
BRDA:12,1,1,43
BRDA:16,2,0,2
BRDA:16,3,0,43
BRDA:16,3,1,42
BRDA:20,4,0,1
BRDA:43,5,0,6
BRDA:43,5,1,5
BRDA:43,5,2,3
BRDA:43,5,3,1
BRDA:49,6,0,5
BRDA:49,6,1,4
BRDA:52,7,0,1
BRDA:89,8,0,2
BRDA:89,8,1,2
BRF:16
BRH:15
end_of_record
TN:
SF:src/infrastructure/auth/supabase-auth.service.ts
FN:7,(anonymous_4)
FN:12,(anonymous_5)
FN:33,(anonymous_6)
FN:49,(anonymous_7)
FN:53,(anonymous_8)
FNF:5
FNH:0
FNDA:0,(anonymous_4)
FNDA:0,(anonymous_5)
FNDA:0,(anonymous_6)
FNDA:0,(anonymous_7)
FNDA:0,(anonymous_8)
DA:1,0
DA:3,0
DA:6,0
DA:9,0
DA:18,0
DA:23,0
DA:24,0
DA:27,0
DA:37,0
DA:39,0
DA:40,0
DA:43,0
DA:50,0
DA:54,0
DA:55,0
LF:15
LH:0
BRDA:23,0,0,0
BRDA:23,1,0,0
BRDA:23,1,1,0
BRDA:39,2,0,0
BRDA:39,3,0,0
BRDA:39,3,1,0
BRF:6
BRH:0
end_of_record
TN:
SF:src/infrastructure/database/repositories/prisma-barbershop.repository.ts
FN:13,(anonymous_2)
FN:17,(anonymous_3)
FN:33,(anonymous_4)
FN:49,(anonymous_5)
FN:61,(anonymous_6)
FN:83,(anonymous_7)
FN:109,(anonymous_8)
FN:122,(anonymous_9)
FN:123,(anonymous_10)
FN:137,(anonymous_11)
FNF:10
FNH:0
FNDA:0,(anonymous_2)
FNDA:0,(anonymous_3)
FNDA:0,(anonymous_4)
FNDA:0,(anonymous_5)
FNDA:0,(anonymous_6)
FNDA:0,(anonymous_7)
FNDA:0,(anonymous_8)
FNDA:0,(anonymous_9)
FNDA:0,(anonymous_10)
FNDA:0,(anonymous_11)
DA:1,0
DA:2,0
DA:3,0
DA:4,0
DA:6,0
DA:7,0
DA:10,0
DA:14,0
DA:18,0
DA:26,0
DA:27,0
DA:30,0
DA:34,0
DA:42,0
DA:43,0
DA:46,0
DA:50,0
DA:58,0
DA:62,0
DA:72,0
DA:80,0
DA:84,0
DA:85,0
DA:88,0
DA:97,0
DA:106,0
DA:110,0
DA:111,0
DA:115,0
DA:117,0
DA:118,0
DA:123,0
DA:124,0
DA:137,0
DA:138,0
DA:146,0
LF:36
LH:0
BRDA:26,0,0,0
BRDA:42,1,0,0
BRDA:84,2,0,0
BRF:3
BRH:0
end_of_record
TN:
SF:src/infrastructure/events/event-emitter.ts
FN:11,(anonymous_1)
FN:21,(anonymous_2)
FN:28,(anonymous_3)
FN:29,(anonymous_4)
FNF:4
FNH:0
FNDA:0,(anonymous_1)
FNDA:0,(anonymous_2)
FNDA:0,(anonymous_3)
FNDA:0,(anonymous_4)
DA:1,0
DA:8,0
DA:9,0
DA:15,0
DA:16,0
DA:17,0
DA:18,0
DA:22,0
DA:23,0
DA:25,0
DA:27,0
DA:28,0
DA:30,0
LF:13
LH:0
BRDA:16,0,0,0
BRDA:16,0,1,0
BRDA:23,1,0,0
BRDA:23,1,1,0
BRF:4
BRH:0
end_of_record
TN:
SF:src/infrastructure/notifications/email/nodemailer-email.service.ts
FN:14,(anonymous_3)
FN:27,(anonymous_4)
FN:65,(anonymous_5)
FN:107,(anonymous_6)
FNF:4
FNH:0
FNDA:0,(anonymous_3)
FNDA:0,(anonymous_4)
FNDA:0,(anonymous_5)
FNDA:0,(anonymous_6)
DA:1,0
DA:2,0
DA:11,0
DA:16,0
DA:31,0
DA:34,0
DA:37,0
DA:57,0
DA:69,0
DA:71,0
DA:99,0
DA:111,0
DA:113,0
DA:138,0
LF:14
LH:0
BRDA:17,0,0,0
BRDA:17,0,1,0
BRDA:18,1,0,0
BRDA:18,1,1,0
BRDA:21,2,0,0
BRDA:21,2,1,0
BRDA:22,3,0,0
BRDA:22,3,1,0
BRDA:48,4,0,0
BRDA:48,4,1,0
BRDA:58,5,0,0
BRDA:58,5,1,0
BRDA:80,6,0,0
BRDA:80,6,1,0
BRDA:86,7,0,0
BRDA:86,7,1,0
BRDA:100,8,0,0
BRDA:100,8,1,0
BRDA:122,9,0,0
BRDA:122,9,1,0
BRDA:139,10,0,0
BRDA:139,10,1,0
BRF:22
BRH:0
end_of_record
TN:
SF:src/infrastructure/notifications/whatsapp/whatsapp-notification.gateway.ts
FN:14,(anonymous_3)
FN:20,(anonymous_4)
FN:67,(anonymous_5)
FNF:3
FNH:0
FNDA:0,(anonymous_3)
FNDA:0,(anonymous_4)
FNDA:0,(anonymous_5)
DA:1,0
DA:2,0
DA:10,0
DA:16,0
DA:17,0
DA:25,0
DA:27,0
DA:28,0
DA:29,0
DA:32,0
DA:35,0
DA:40,0
DA:41,0
DA:60,0
DA:62,0
DA:63,0
DA:69,0
LF:17
LH:0
BRDA:16,0,0,0
BRDA:16,0,1,0
BRDA:17,1,0,0
BRDA:17,1,1,0
BRDA:27,2,0,0
BRDA:27,3,0,0
BRDA:27,3,1,0
BRDA:40,4,0,0
BRF:8
BRH:0
end_of_record
TN:
SF:src/infrastructure/payment/stripe-payment.service.ts
FN:13,(anonymous_3)
FN:18,(anonymous_4)
FN:55,(anonymous_5)
FN:61,(anonymous_6)
FN:65,(anonymous_7)
FNF:5
FNH:0
FNDA:0,(anonymous_3)
FNDA:0,(anonymous_4)
FNDA:0,(anonymous_5)
FNDA:0,(anonymous_6)
FNDA:0,(anonymous_7)
DA:1,0
DA:2,0
DA:10,0
DA:15,0
DA:27,0
DA:30,0
DA:45,0
DA:46,0
DA:49,0
DA:57,0
DA:58,0
DA:62,0
DA:69,0
DA:71,0
DA:73,0
DA:79,0
DA:80,0
DA:83,0
DA:86,0
DA:87,0
DA:91,0
DA:93,0
DA:94,0
DA:98,0
DA:99,0
DA:103,0
DA:114,0
DA:117,0
DA:118,0
DA:122,0
DA:124,0
DA:125,0
DA:129,0
DA:130,0
DA:134,0
DA:144,0
DA:148,0
DA:150,0
DA:152,0
DA:153,0
DA:157,0
DA:158,0
DA:162,0
DA:171,0
DA:174,0
DA:179,0
DA:180,0
LF:47
LH:0
BRDA:15,0,0,0
BRDA:15,0,1,0
BRDA:26,1,0,0
BRDA:45,2,0,0
BRDA:69,3,0,0
BRDA:69,3,1,0
BRDA:83,4,0,0
BRDA:83,4,1,0
BRDA:83,4,2,0
BRDA:83,4,3,0
BRDA:86,5,0,0
BRDA:86,6,0,0
BRDA:86,6,1,0
BRDA:91,7,0,0
BRDA:91,7,1,0
BRDA:93,8,0,0
BRDA:93,9,0,0
BRDA:93,9,1,0
BRDA:98,10,0,0
BRDA:98,11,0,0
BRDA:98,11,1,0
BRDA:99,12,0,0
BRDA:99,12,1,0
BRDA:111,13,0,0
BRDA:111,13,1,0
BRDA:117,14,0,0
BRDA:124,15,0,0
BRDA:129,16,0,0
BRDA:129,17,0,0
BRDA:129,17,1,0
BRDA:130,18,0,0
BRDA:130,18,1,0
BRDA:141,19,0,0
BRDA:141,19,1,0
BRDA:152,20,0,0
BRDA:157,21,0,0
BRDA:157,22,0,0
BRDA:157,22,1,0
BRDA:158,23,0,0
BRDA:158,23,1,0
BRDA:169,24,0,0
BRDA:169,24,1,0
BRF:42
BRH:0
end_of_record
TN:
SF:src/infrastructure/supabase/supabase.service.ts
FN:8,(anonymous_2)
FN:21,(anonymous_3)
FN:26,(anonymous_4)
FN:46,(anonymous_5)
FN:59,(anonymous_6)
FN:67,(anonymous_7)
FN:76,(anonymous_8)
FNF:7
FNH:0
FNDA:0,(anonymous_2)
FNDA:0,(anonymous_3)
FNDA:0,(anonymous_4)
FNDA:0,(anonymous_5)
FNDA:0,(anonymous_6)
FNDA:0,(anonymous_7)
FNDA:0,(anonymous_8)
DA:1,0
DA:2,0
DA:5,0
DA:9,0
DA:10,0
DA:12,0
DA:13,0
DA:18,0
DA:22,0
DA:31,0
DA:39,0
DA:40,0
DA:43,0
DA:47,0
DA:52,0
DA:53,0
DA:56,0
DA:60,0
DA:61,0
DA:62,0
DA:64,0
DA:68,0
DA:69,0
DA:70,0
DA:72,0
DA:77,0
LF:26
LH:0
BRDA:9,0,0,0
BRDA:9,0,1,0
BRDA:10,1,0,0
BRDA:10,1,1,0
BRDA:12,2,0,0
BRDA:12,3,0,0
BRDA:12,3,1,0
BRDA:39,4,0,0
BRDA:52,5,0,0
BRDA:61,6,0,0
BRDA:69,7,0,0
BRF:11
BRH:0
end_of_record
TN:
SF:src/modules/appointment/application/appointment-service-impl.ts
FN:10,(anonymous_4)
FN:15,(anonymous_5)
FN:21,(anonymous_6)
FNF:3
FNH:0
FNDA:0,(anonymous_4)
FNDA:0,(anonymous_5)
FNDA:0,(anonymous_6)
DA:1,0
DA:6,0
DA:9,0
DA:12,0
DA:18,0
DA:22,0
LF:6
LH:0
BRF:0
BRH:0
end_of_record
TN:
SF:src/modules/appointment/application/barber-customer-service-impl.ts
FN:11,(anonymous_4)
FN:16,(anonymous_5)
FNF:2
FNH:0
FNDA:0,(anonymous_4)
FNDA:0,(anonymous_5)
DA:1,0
DA:5,0
DA:8,0
DA:13,0
DA:17,0
LF:5
LH:0
BRF:0
BRH:0
end_of_record
TN:
SF:src/modules/appointment/application/customer-appointment-service-imp.ts
FN:11,(anonymous_4)
FN:16,(anonymous_5)
FNF:2
FNH:0
FNDA:0,(anonymous_4)
FNDA:0,(anonymous_5)
DA:1,0
DA:5,0
DA:8,0
DA:13,0
DA:17,0
LF:5
LH:0
BRF:0
BRH:0
end_of_record
TN:
SF:src/modules/appointment/domain/appointment-filter.ts
FN:10,(anonymous_0)
FN:12,(anonymous_1)
FN:16,(anonymous_2)
FN:20,(anonymous_3)
FN:24,(anonymous_4)
FNF:5
FNH:0
FNDA:0,(anonymous_0)
FNDA:0,(anonymous_1)
FNDA:0,(anonymous_2)
FNDA:0,(anonymous_3)
FNDA:0,(anonymous_4)
DA:9,0
DA:10,0
DA:13,0
DA:17,0
DA:21,0
DA:25,0
LF:6
LH:0
BRF:0
BRH:0
end_of_record
TN:
SF:src/modules/appointment/domain/appointment-helper.ts
FN:5,getAppointmentService
FNF:1
FNH:0
FNDA:0,getAppointmentService
DA:1,0
DA:3,0
DA:5,0
DA:6,0
LF:4
LH:0
BRF:0
BRH:0
end_of_record
TN:
SF:src/modules/appointment/domain/appointment-types.ts
FN:1,(anonymous_0)
FNF:1
FNH:0
FNDA:0,(anonymous_0)
DA:1,0
DA:2,0
DA:3,0
LF:3
LH:0
BRDA:1,0,0,0
BRDA:1,0,1,0
BRF:2
BRH:0
end_of_record
TN:
SF:src/modules/appointment/domain/appointment.ts
FN:12,(anonymous_0)
FN:14,(anonymous_1)
FN:18,(anonymous_2)
FN:22,(anonymous_3)
FN:26,(anonymous_4)
FN:30,(anonymous_5)
FN:34,(anonymous_6)
FNF:7
FNH:0
FNDA:0,(anonymous_0)
FNDA:0,(anonymous_1)
FNDA:0,(anonymous_2)
FNDA:0,(anonymous_3)
FNDA:0,(anonymous_4)
FNDA:0,(anonymous_5)
FNDA:0,(anonymous_6)
DA:11,0
DA:12,0
DA:15,0
DA:19,0
DA:23,0
DA:27,0
DA:31,0
DA:35,0
LF:8
LH:0
BRF:0
BRH:0
end_of_record
TN:
SF:src/modules/appointment/domain/barber/barber-appointment-helper.ts
FN:5,getBarberAppointmentService
FNF:1
FNH:0
FNDA:0,getBarberAppointmentService
DA:1,0
DA:3,0
DA:5,0
DA:6,0
LF:4
LH:0
BRF:0
BRH:0
end_of_record
TN:
SF:src/modules/appointment/domain/barber/barber-appointment-types.ts
FN:1,(anonymous_0)
FNF:1
FNH:0
FNDA:0,(anonymous_0)
DA:1,0
DA:2,0
DA:3,0
LF:3
LH:0
BRDA:1,0,0,0
BRDA:1,0,1,0
BRF:2
BRH:0
end_of_record
TN:
SF:src/modules/appointment/domain/barber/barber-appointment.ts
FN:8,(anonymous_0)
FN:10,(anonymous_1)
FN:14,(anonymous_2)
FNF:3
FNH:0
FNDA:0,(anonymous_0)
FNDA:0,(anonymous_1)
FNDA:0,(anonymous_2)
DA:7,0
DA:8,0
DA:11,0
DA:15,0
LF:4
LH:0
BRF:0
BRH:0
end_of_record
TN:
SF:src/modules/appointment/domain/customer/customer-appointment-helper.ts
FN:5,getCustomerAppointmentService
FNF:1
FNH:0
FNDA:0,getCustomerAppointmentService
DA:1,0
DA:3,0
DA:5,0
DA:6,0
LF:4
LH:0
BRF:0
BRH:0
end_of_record
TN:
SF:src/modules/appointment/domain/customer/customer-appointment-types.ts
FN:1,(anonymous_0)
FNF:1
FNH:0
FNDA:0,(anonymous_0)
DA:1,0
DA:2,0
DA:3,0
LF:3
LH:0
BRDA:1,0,0,0
BRDA:1,0,1,0
BRF:2
BRH:0
end_of_record
TN:
SF:src/modules/appointment/domain/customer/customer-appointment.ts
FN:6,(anonymous_0)
FN:8,(anonymous_1)
FNF:2
FNH:0
FNDA:0,(anonymous_0)
FNDA:0,(anonymous_1)
DA:5,0
DA:6,0
DA:9,0
LF:3
LH:0
BRF:0
BRH:0
end_of_record
TN:
SF:src/modules/appointment/infra/__test__/appointment/appointment-repository-test.ts
FN:16,(anonymous_0)
FN:25,(anonymous_1)
FN:27,(anonymous_2)
FNF:3
FNH:0
FNDA:0,(anonymous_0)
FNDA:0,(anonymous_1)
FNDA:0,(anonymous_2)
DA:1,0
DA:5,0
DA:6,0
DA:17,0
DA:26,0
DA:27,0
LF:6
LH:0
BRF:0
BRH:0
end_of_record
TN:
SF:src/modules/appointment/infra/bootstrap/appoitment-boostrap.ts
FN:6,getAppointmentBootstrap
FNF:1
FNH:0
FNDA:0,getAppointmentBootstrap
DA:1,0
DA:2,0
DA:3,0
DA:4,0
DA:6,0
DA:7,0
DA:8,0
LF:7
LH:0
BRF:0
BRH:0
end_of_record
TN:
SF:src/modules/appointment/infra/http/koa/appoitment-koa-router-builder.ts
FN:11,(anonymous_0)
FN:15,(anonymous_1)
FN:16,(anonymous_2)
FNF:3
FNH:0
FNDA:0,(anonymous_0)
FNDA:0,(anonymous_1)
FNDA:0,(anonymous_2)
DA:3,0
DA:4,0
DA:6,0
DA:8,0
DA:9,0
DA:12,0
DA:16,0
DA:17,0
DA:20,0
DA:22,0
LF:10
LH:0
BRF:0
BRH:0
end_of_record
TN:
SF:src/modules/appointment/infra/http/koa/adapter/context-appoitment-filter.ts
FN:5,(anonymous_0)
FN:19,(anonymous_1)
FNF:2
FNH:0
FNDA:0,(anonymous_0)
FNDA:0,(anonymous_1)
DA:2,0
DA:4,0
DA:6,0
DA:12,0
DA:20,0
LF:5
LH:0
BRF:0
BRH:0
end_of_record
TN:
SF:src/modules/appointment/infra/repository/appointment.ts
FN:9,(anonymous_0)
FN:13,(anonymous_1)
FN:45,(anonymous_2)
FN:65,(anonymous_3)
FNF:4
FNH:0
FNDA:0,(anonymous_0)
FNDA:0,(anonymous_1)
FNDA:0,(anonymous_2)
FNDA:0,(anonymous_3)
DA:1,0
DA:2,0
DA:6,0
DA:10,0
DA:15,0
DA:19,0
DA:36,0
DA:46,0
DA:52,0
DA:53,0
DA:56,0
DA:71,0
DA:72,0
DA:73,0
DA:75,0
LF:15
LH:0
BRDA:52,0,0,0
BRF:1
BRH:0
end_of_record
TN:
SF:src/modules/barber/domain/barber.ts
FN:12,(anonymous_0)
FN:14,(anonymous_1)
FN:18,(anonymous_2)
FN:22,(anonymous_3)
FN:26,(anonymous_4)
FN:30,(anonymous_5)
FN:34,(anonymous_6)
FNF:7
FNH:0
FNDA:0,(anonymous_0)
FNDA:0,(anonymous_1)
FNDA:0,(anonymous_2)
FNDA:0,(anonymous_3)
FNDA:0,(anonymous_4)
FNDA:0,(anonymous_5)
FNDA:0,(anonymous_6)
DA:11,0
DA:12,0
DA:15,0
DA:19,0
DA:23,0
DA:27,0
DA:31,0
DA:35,0
LF:8
LH:0
BRDA:23,0,0,0
BRDA:23,0,1,0
BRF:2
BRH:0
end_of_record
TN:
SF:src/modules/customer/domain/customer.ts
FN:12,(anonymous_0)
FN:14,(anonymous_1)
FN:18,(anonymous_2)
FN:22,(anonymous_3)
FN:26,(anonymous_4)
FN:30,(anonymous_5)
FN:34,(anonymous_6)
FNF:7
FNH:0
FNDA:0,(anonymous_0)
FNDA:0,(anonymous_1)
FNDA:0,(anonymous_2)
FNDA:0,(anonymous_3)
FNDA:0,(anonymous_4)
FNDA:0,(anonymous_5)
FNDA:0,(anonymous_6)
DA:11,0
DA:12,0
DA:15,0
DA:19,0
DA:23,0
DA:27,0
DA:31,0
DA:35,0
LF:8
LH:0
BRF:0
BRH:0
end_of_record
TN:
SF:src/presentation/http/controllers/auth.controller.ts
FN:8,createAuthController
FN:14,(anonymous_2)
FN:36,(anonymous_3)
FN:55,(anonymous_4)
FNF:4
FNH:0
FNDA:0,createAuthController
FNDA:0,(anonymous_2)
FNDA:0,(anonymous_3)
FNDA:0,(anonymous_4)
DA:1,0
DA:2,0
DA:3,0
DA:4,0
DA:8,0
DA:9,0
DA:14,0
DA:15,0
DA:16,0
DA:18,0
DA:19,0
DA:26,0
DA:27,0
DA:29,0
DA:30,0
DA:31,0
DA:36,0
DA:37,0
DA:38,0
DA:40,0
DA:41,0
DA:46,0
DA:48,0
DA:49,0
DA:50,0
DA:55,0
DA:56,0
DA:57,0
DA:60,0
DA:61,0
DA:63,0
DA:65,0
DA:66,0
DA:67,0
DA:71,0
LF:35
LH:0
BRDA:57,0,0,0
BRDA:57,0,1,0
BRF:2
BRH:0
end_of_record
TN:
SF:src/presentation/http/controllers/barbershop.controller.ts
FN:6,createBarbershopController
FN:15,(anonymous_2)
FN:32,(anonymous_3)
FN:79,(anonymous_4)
FN:111,(anonymous_5)
FNF:5
FNH:0
FNDA:0,createBarbershopController
FNDA:0,(anonymous_2)
FNDA:0,(anonymous_3)
FNDA:0,(anonymous_4)
FNDA:0,(anonymous_5)
DA:1,0
DA:3,0
DA:4,0
DA:6,0
DA:7,0
DA:12,0
DA:15,0
DA:16,0
DA:18,0
DA:21,0
DA:23,0
DA:25,0
DA:26,0
DA:27,0
DA:32,0
DA:33,0
DA:35,0
DA:37,0
DA:38,0
DA:39,0
DA:40,0
DA:44,0
DA:49,0
DA:50,0
DA:51,0
DA:52,0
DA:53,0
DA:57,0
DA:67,0
DA:69,0
DA:70,0
DA:72,0
DA:73,0
DA:74,0
DA:79,0
DA:80,0
DA:81,0
DA:84,0
DA:87,0
DA:89,0
DA:90,0
DA:91,0
DA:92,0
DA:96,0
DA:97,0
DA:98,0
DA:99,0
DA:102,0
DA:104,0
DA:105,0
DA:106,0
DA:111,0
DA:112,0
DA:113,0
DA:115,0
DA:118,0
DA:123,0
DA:124,0
DA:125,0
DA:126,0
DA:127,0
DA:131,0
DA:132,0
DA:133,0
DA:134,0
DA:138,0
DA:139,0
DA:140,0
DA:141,0
DA:142,0
DA:143,0
DA:148,0
DA:158,0
DA:160,0
DA:161,0
DA:162,0
DA:166,0
LF:77
LH:0
BRDA:37,0,0,0
BRDA:37,1,0,0
BRDA:37,1,1,0
BRDA:50,2,0,0
BRDA:64,3,0,0
BRDA:64,3,1,0
BRDA:89,4,0,0
BRDA:96,5,0,0
BRDA:124,6,0,0
BRDA:131,7,0,0
BRDA:138,8,0,0
BRDA:138,9,0,0
BRDA:138,9,1,0
BRDA:140,10,0,0
BRDA:140,11,0,0
BRDA:140,11,1,0
BRDA:150,12,0,0
BRDA:150,12,1,0
BRDA:151,13,0,0
BRDA:151,13,1,0
BRDA:152,14,0,0
BRDA:152,14,1,0
BRDA:153,15,0,0
BRDA:153,15,1,0
BRDA:154,16,0,0
BRDA:154,16,1,0
BRDA:155,17,0,0
BRDA:155,17,1,0
BRF:28
BRH:0
end_of_record
TN:
SF:src/presentation/http/controllers/public.controller.ts
FN:6,createPublicController
FN:12,(anonymous_2)
FN:39,(anonymous_3)
FN:82,(anonymous_4)
FNF:4
FNH:0
FNDA:0,createPublicController
FNDA:0,(anonymous_2)
FNDA:0,(anonymous_3)
FNDA:0,(anonymous_4)
DA:1,0
DA:2,0
DA:3,0
DA:4,0
DA:6,0
DA:7,0
DA:12,0
DA:13,0
DA:14,0
DA:15,0
DA:17,0
DA:18,0
DA:19,0
DA:20,0
DA:23,0
DA:24,0
DA:30,0
DA:32,0
DA:33,0
DA:34,0
DA:39,0
DA:40,0
DA:41,0
DA:42,0
DA:51,0
DA:52,0
DA:53,0
DA:54,0
DA:60,0
DA:62,0
DA:63,0
DA:72,0
DA:73,0
DA:75,0
DA:76,0
DA:77,0
DA:82,0
DA:83,0
DA:84,0
DA:88,0
DA:93,0
DA:94,0
DA:95,0
DA:99,0
LF:44
LH:0
BRDA:17,0,0,0
BRDA:17,1,0,0
BRDA:17,1,1,0
BRDA:33,2,0,0
BRDA:33,2,1,0
BRDA:51,3,0,0
BRDA:51,4,0,0
BRDA:51,4,1,0
BRDA:51,4,2,0
BRDA:51,4,3,0
BRF:10
BRH:0
end_of_record
TN:
SF:src/presentation/http/controllers/subscription.controller.ts
FN:27,(anonymous_1)
FN:41,(anonymous_2)
FN:67,createSubscriptionController
FN:73,(anonymous_4)
FN:114,(anonymous_5)
FN:199,(anonymous_6)
FNF:6
FNH:0
FNDA:0,(anonymous_1)
FNDA:0,(anonymous_2)
FNDA:0,createSubscriptionController
FNDA:0,(anonymous_4)
FNDA:0,(anonymous_5)
FNDA:0,(anonymous_6)
DA:1,0
DA:2,0
DA:4,0
DA:25,0
DA:29,0
DA:32,0
DA:33,0
DA:36,0
DA:38,0
DA:44,0
DA:47,0
DA:48,0
DA:52,0
DA:54,0
DA:62,0
DA:67,0
DA:68,0
DA:73,0
DA:74,0
DA:75,0
DA:82,0
DA:83,0
DA:84,0
DA:85,0
DA:89,0
DA:92,0
DA:97,0
DA:105,0
DA:107,0
DA:108,0
DA:109,0
DA:114,0
DA:115,0
DA:116,0
DA:117,0
DA:118,0
DA:119,0
DA:120,0
DA:124,0
DA:125,0
DA:127,0
DA:130,0
DA:133,0
DA:139,0
DA:140,0
DA:143,0
DA:145,0
DA:154,0
DA:162,0
DA:167,0
DA:169,0
DA:172,0
DA:177,0
DA:179,0
DA:182,0
DA:189,0
DA:190,0
DA:192,0
DA:193,0
DA:194,0
DA:199,0
DA:200,0
DA:201,0
DA:203,0
DA:204,0
DA:205,0
DA:206,0
DA:210,0
DA:211,0
DA:213,0
DA:214,0
DA:215,0
DA:216,0
DA:219,0
DA:225,0
DA:226,0
DA:227,0
DA:231,0
LF:78
LH:0
BRDA:47,0,0,0
BRDA:47,1,0,0
BRDA:47,1,1,0
BRDA:82,2,0,0
BRDA:82,3,0,0
BRDA:82,3,1,0
BRDA:82,3,2,0
BRDA:82,3,3,0
BRDA:117,4,0,0
BRDA:139,5,0,0
BRDA:139,5,1,0
BRDA:143,6,0,0
BRDA:143,7,0,0
BRDA:143,7,1,0
BRDA:156,8,0,0
BRDA:156,8,1,0
BRDA:167,9,0,0
BRDA:167,9,1,0
BRDA:177,10,0,0
BRDA:185,11,0,0
BRDA:185,11,1,0
BRDA:203,12,0,0
BRDA:213,13,0,0
BRF:23
BRH:0
end_of_record
TN:
SF:src/presentation/http/middlewares/auth.middleware.ts
FN:5,authMiddleware
FNF:1
FNH:0
FNDA:0,authMiddleware
DA:2,0
DA:5,0
DA:6,0
DA:7,0
DA:9,0
DA:10,0
DA:11,0
DA:12,0
DA:15,0
DA:16,0
DA:18,0
DA:19,0
DA:22,0
DA:24,0
DA:26,0
DA:27,0
DA:30,0
DA:31,0
LF:18
LH:0
BRDA:9,0,0,0
BRDA:9,1,0,0
BRDA:9,1,1,0
BRF:3
BRH:0
end_of_record
TN:
SF:src/types/index.d.ts
FNF:0
FNH:0
LF:0
LH:0
BRF:0
BRH:0
end_of_record
